{"/Users/xenfroz/Documents/library-app/library-backend/src/app.js": {"path":"/Users/xenfroz/Documents/library-app/library-backend/src/app.js","statementMap":{"0":{"start":{"line":1,"column":16},"end":{"line":1,"column":34}},"1":{"start":{"line":2,"column":13},"end":{"line":2,"column":28}},"2":{"start":{"line":3,"column":15},"end":{"line":3,"column":32}},"3":{"start":{"line":4,"column":15},"end":{"line":4,"column":32}},"4":{"start":{"line":5,"column":0},"end":{"line":5,"column":27}},"5":{"start":{"line":8,"column":19},"end":{"line":8,"column":43}},"6":{"start":{"line":9,"column":19},"end":{"line":9,"column":44}},"7":{"start":{"line":10,"column":19},"end":{"line":10,"column":44}},"8":{"start":{"line":11,"column":19},"end":{"line":11,"column":44}},"9":{"start":{"line":14,"column":21},"end":{"line":14,"column":57}},"10":{"start":{"line":15,"column":20},"end":{"line":15,"column":55}},"11":{"start":{"line":17,"column":12},"end":{"line":17,"column":21}},"12":{"start":{"line":20,"column":0},"end":{"line":20,"column":18}},"13":{"start":{"line":21,"column":0},"end":{"line":21,"column":21}},"14":{"start":{"line":24,"column":20},"end":{"line":29,"column":1}},"15":{"start":{"line":30,"column":0},"end":{"line":30,"column":27}},"16":{"start":{"line":33,"column":0},"end":{"line":37,"column":1}},"17":{"start":{"line":34,"column":2},"end":{"line":34,"column":25}},"18":{"start":{"line":36,"column":2},"end":{"line":36,"column":30}},"19":{"start":{"line":40,"column":0},"end":{"line":40,"column":41}},"20":{"start":{"line":41,"column":0},"end":{"line":41,"column":63}},"21":{"start":{"line":44,"column":0},"end":{"line":51,"column":3}},"22":{"start":{"line":45,"column":2},"end":{"line":50,"column":5}},"23":{"start":{"line":54,"column":0},"end":{"line":54,"column":33}},"24":{"start":{"line":55,"column":0},"end":{"line":55,"column":34}},"25":{"start":{"line":56,"column":0},"end":{"line":56,"column":34}},"26":{"start":{"line":57,"column":0},"end":{"line":57,"column":34}},"27":{"start":{"line":60,"column":0},"end":{"line":73,"column":3}},"28":{"start":{"line":61,"column":2},"end":{"line":72,"column":5}},"29":{"start":{"line":76,"column":0},"end":{"line":82,"column":3}},"30":{"start":{"line":77,"column":2},"end":{"line":81,"column":5}},"31":{"start":{"line":85,"column":0},"end":{"line":85,"column":22}},"32":{"start":{"line":87,"column":0},"end":{"line":87,"column":21}}},"fnMap":{"0":{"name":"(anonymous_0)","decl":{"start":{"line":44,"column":19},"end":{"line":44,"column":20}},"loc":{"start":{"line":44,"column":33},"end":{"line":51,"column":1}},"line":44},"1":{"name":"(anonymous_1)","decl":{"start":{"line":60,"column":13},"end":{"line":60,"column":14}},"loc":{"start":{"line":60,"column":27},"end":{"line":73,"column":1}},"line":60},"2":{"name":"(anonymous_2)","decl":{"start":{"line":76,"column":13},"end":{"line":76,"column":14}},"loc":{"start":{"line":76,"column":27},"end":{"line":82,"column":1}},"line":76}},"branchMap":{"0":{"loc":{"start":{"line":25,"column":10},"end":{"line":25,"column":76}},"type":"cond-expr","locations":[{"start":{"line":25,"column":36},"end":{"line":25,"column":70}},{"start":{"line":25,"column":73},"end":{"line":25,"column":76}}],"line":25},"1":{"loc":{"start":{"line":33,"column":0},"end":{"line":37,"column":1}},"type":"if","locations":[{"start":{"line":33,"column":0},"end":{"line":37,"column":1}},{"start":{"line":35,"column":7},"end":{"line":37,"column":1}}],"line":33}},"s":{"0":1,"1":1,"2":1,"3":1,"4":1,"5":1,"6":1,"7":1,"8":1,"9":1,"10":1,"11":1,"12":1,"13":1,"14":1,"15":1,"16":1,"17":0,"18":1,"19":1,"20":1,"21":1,"22":0,"23":1,"24":1,"25":1,"26":1,"27":1,"28":0,"29":1,"30":0,"31":1,"32":1},"f":{"0":0,"1":0,"2":0},"b":{"0":[1,0],"1":[0,1]},"_coverageSchema":"1a1c01bbd47fc00a2c39e90264f33305004495a9","hash":"95bda7346e7300c8eb0d8935d7eceb4d9548613e"}
,"/Users/xenfroz/Documents/library-app/library-backend/src/config/mongodb.js": {"path":"/Users/xenfroz/Documents/library-app/library-backend/src/config/mongodb.js","statementMap":{"0":{"start":{"line":1,"column":17},"end":{"line":1,"column":36}},"1":{"start":{"line":3,"column":23},"end":{"line":38,"column":1}},"2":{"start":{"line":4,"column":2},"end":{"line":37,"column":3}},"3":{"start":{"line":5,"column":20},"end":{"line":12,"column":5}},"4":{"start":{"line":15,"column":21},"end":{"line":15,"column":89}},"5":{"start":{"line":17,"column":4},"end":{"line":17,"column":46}},"6":{"start":{"line":19,"column":4},"end":{"line":19,"column":68}},"7":{"start":{"line":22,"column":4},"end":{"line":24,"column":7}},"8":{"start":{"line":23,"column":6},"end":{"line":23,"column":46}},"9":{"start":{"line":26,"column":4},"end":{"line":28,"column":7}},"10":{"start":{"line":27,"column":6},"end":{"line":27,"column":44}},"11":{"start":{"line":30,"column":4},"end":{"line":32,"column":7}},"12":{"start":{"line":31,"column":6},"end":{"line":31,"column":43}},"13":{"start":{"line":35,"column":4},"end":{"line":35,"column":67}},"14":{"start":{"line":36,"column":4},"end":{"line":36,"column":16}},"15":{"start":{"line":40,"column":0},"end":{"line":40,"column":32}}},"fnMap":{"0":{"name":"(anonymous_0)","decl":{"start":{"line":3,"column":23},"end":{"line":3,"column":24}},"loc":{"start":{"line":3,"column":35},"end":{"line":38,"column":1}},"line":3},"1":{"name":"(anonymous_1)","decl":{"start":{"line":22,"column":36},"end":{"line":22,"column":37}},"loc":{"start":{"line":22,"column":45},"end":{"line":24,"column":5}},"line":22},"2":{"name":"(anonymous_2)","decl":{"start":{"line":26,"column":43},"end":{"line":26,"column":44}},"loc":{"start":{"line":26,"column":49},"end":{"line":28,"column":5}},"line":26},"3":{"name":"(anonymous_3)","decl":{"start":{"line":30,"column":42},"end":{"line":30,"column":43}},"loc":{"start":{"line":30,"column":48},"end":{"line":32,"column":5}},"line":30}},"branchMap":{"0":{"loc":{"start":{"line":15,"column":21},"end":{"line":15,"column":89}},"type":"binary-expr","locations":[{"start":{"line":15,"column":21},"end":{"line":15,"column":44}},{"start":{"line":15,"column":48},"end":{"line":15,"column":89}}],"line":15}},"s":{"0":0,"1":0,"2":0,"3":0,"4":0,"5":0,"6":0,"7":0,"8":0,"9":0,"10":0,"11":0,"12":0,"13":0,"14":0,"15":0},"f":{"0":0,"1":0,"2":0,"3":0},"b":{"0":[0,0]}}
,"/Users/xenfroz/Documents/library-app/library-backend/src/config/postgresql.js": {"path":"/Users/xenfroz/Documents/library-app/library-backend/src/config/postgresql.js","statementMap":{"0":{"start":{"line":1,"column":22},"end":{"line":1,"column":42}},"1":{"start":{"line":3,"column":26},"end":{"line":34,"column":1}},"2":{"start":{"line":4,"column":2},"end":{"line":33,"column":3}},"3":{"start":{"line":5,"column":4},"end":{"line":5,"column":48}},"4":{"start":{"line":7,"column":22},"end":{"line":23,"column":5}},"5":{"start":{"line":26,"column":4},"end":{"line":26,"column":35}},"6":{"start":{"line":27,"column":4},"end":{"line":27,"column":43}},"7":{"start":{"line":29,"column":4},"end":{"line":29,"column":21}},"8":{"start":{"line":31,"column":4},"end":{"line":31,"column":57}},"9":{"start":{"line":32,"column":4},"end":{"line":32,"column":16}},"10":{"start":{"line":36,"column":0},"end":{"line":36,"column":35}}},"fnMap":{"0":{"name":"(anonymous_0)","decl":{"start":{"line":3,"column":26},"end":{"line":3,"column":27}},"loc":{"start":{"line":3,"column":38},"end":{"line":34,"column":1}},"line":3}},"branchMap":{"0":{"loc":{"start":{"line":15,"column":17},"end":{"line":15,"column":77}},"type":"cond-expr","locations":[{"start":{"line":15,"column":58},"end":{"line":15,"column":69}},{"start":{"line":15,"column":72},"end":{"line":15,"column":77}}],"line":15}},"s":{"0":0,"1":0,"2":0,"3":0,"4":0,"5":0,"6":0,"7":0,"8":0,"9":0,"10":0},"f":{"0":0},"b":{"0":[0,0]}}
,"/Users/xenfroz/Documents/library-app/library-backend/src/middleware/errorHandler.js": {"path":"/Users/xenfroz/Documents/library-app/library-backend/src/middleware/errorHandler.js","statementMap":{"0":{"start":{"line":1,"column":0},"end":{"line":4,"column":4}},"1":{"start":{"line":2,"column":4},"end":{"line":2,"column":23}},"2":{"start":{"line":3,"column":4},"end":{"line":3,"column":50}}},"fnMap":{"0":{"name":"(anonymous_0)","decl":{"start":{"line":1,"column":17},"end":{"line":1,"column":18}},"loc":{"start":{"line":1,"column":42},"end":{"line":4,"column":3}},"line":1}},"branchMap":{},"s":{"0":1,"1":0,"2":0},"f":{"0":0},"b":{},"_coverageSchema":"1a1c01bbd47fc00a2c39e90264f33305004495a9","hash":"412950b23f8e3dfbf9b7f5afa05fd090f5d1a4e3"}
,"/Users/xenfroz/Documents/library-app/library-backend/src/middleware/rateLimiter.js": {"path":"/Users/xenfroz/Documents/library-app/library-backend/src/middleware/rateLimiter.js","statementMap":{"0":{"start":{"line":1,"column":0},"end":{"line":3,"column":4}},"1":{"start":{"line":2,"column":4},"end":{"line":2,"column":11}}},"fnMap":{"0":{"name":"(anonymous_0)","decl":{"start":{"line":1,"column":17},"end":{"line":1,"column":18}},"loc":{"start":{"line":1,"column":37},"end":{"line":3,"column":3}},"line":1}},"branchMap":{},"s":{"0":1,"1":0},"f":{"0":0},"b":{},"_coverageSchema":"1a1c01bbd47fc00a2c39e90264f33305004495a9","hash":"0564080c979083c0f0fe51253460bba2a86637c3"}
,"/Users/xenfroz/Documents/library-app/library-backend/src/models/Book.js": {"path":"/Users/xenfroz/Documents/library-app/library-backend/src/models/Book.js","statementMap":{"0":{"start":{"line":1,"column":17},"end":{"line":1,"column":36}},"1":{"start":{"line":4,"column":25},"end":{"line":14,"column":18}},"2":{"start":{"line":17,"column":26},"end":{"line":44,"column":18}},"3":{"start":{"line":47,"column":26},"end":{"line":75,"column":18}},"4":{"start":{"line":78,"column":19},"end":{"line":187,"column":2}},"5":{"start":{"line":140,"column":8},"end":{"line":140,"column":46}},"6":{"start":{"line":190,"column":0},"end":{"line":190,"column":76}},"7":{"start":{"line":191,"column":0},"end":{"line":191,"column":55}},"8":{"start":{"line":192,"column":0},"end":{"line":192,"column":47}},"9":{"start":{"line":193,"column":0},"end":{"line":193,"column":50}},"10":{"start":{"line":197,"column":0},"end":{"line":199,"column":3}},"11":{"start":{"line":198,"column":2},"end":{"line":198,"column":86}},"12":{"start":{"line":202,"column":0},"end":{"line":207,"column":3}},"13":{"start":{"line":203,"column":2},"end":{"line":206,"column":14}},"14":{"start":{"line":210,"column":0},"end":{"line":220,"column":3}},"15":{"start":{"line":211,"column":2},"end":{"line":211,"column":70}},"16":{"start":{"line":211,"column":58},"end":{"line":211,"column":70}},"17":{"start":{"line":213,"column":17},"end":{"line":213,"column":67}},"18":{"start":{"line":213,"column":45},"end":{"line":213,"column":66}},"19":{"start":{"line":214,"column":2},"end":{"line":214,"column":39}},"20":{"start":{"line":214,"column":14},"end":{"line":214,"column":39}},"21":{"start":{"line":216,"column":17},"end":{"line":216,"column":67}},"22":{"start":{"line":216,"column":45},"end":{"line":216,"column":66}},"23":{"start":{"line":217,"column":2},"end":{"line":217,"column":39}},"24":{"start":{"line":217,"column":14},"end":{"line":217,"column":39}},"25":{"start":{"line":219,"column":2},"end":{"line":219,"column":40}},"26":{"start":{"line":224,"column":0},"end":{"line":226,"column":2}},"27":{"start":{"line":225,"column":2},"end":{"line":225,"column":37}},"28":{"start":{"line":229,"column":0},"end":{"line":238,"column":2}},"29":{"start":{"line":230,"column":2},"end":{"line":237,"column":4}},"30":{"start":{"line":241,"column":0},"end":{"line":245,"column":2}},"31":{"start":{"line":242,"column":2},"end":{"line":242,"column":25}},"32":{"start":{"line":243,"column":2},"end":{"line":243,"column":39}},"33":{"start":{"line":244,"column":2},"end":{"line":244,"column":21}},"34":{"start":{"line":249,"column":0},"end":{"line":298,"column":2}},"35":{"start":{"line":250,"column":2},"end":{"line":250,"column":71}},"36":{"start":{"line":253,"column":22},"end":{"line":255,"column":3}},"37":{"start":{"line":258,"column":2},"end":{"line":258,"column":58}},"38":{"start":{"line":258,"column":22},"end":{"line":258,"column":58}},"39":{"start":{"line":259,"column":2},"end":{"line":259,"column":79}},"40":{"start":{"line":259,"column":26},"end":{"line":259,"column":79}},"41":{"start":{"line":260,"column":2},"end":{"line":260,"column":70}},"42":{"start":{"line":260,"column":23},"end":{"line":260,"column":70}},"43":{"start":{"line":261,"column":2},"end":{"line":261,"column":64}},"44":{"start":{"line":261,"column":24},"end":{"line":261,"column":64}},"45":{"start":{"line":263,"column":2},"end":{"line":263,"column":83}},"46":{"start":{"line":265,"column":2},"end":{"line":297,"column":16}},"47":{"start":{"line":268,"column":15},"end":{"line":268,"column":79}},"48":{"start":{"line":271,"column":15},"end":{"line":281,"column":16}},"49":{"start":{"line":272,"column":17},"end":{"line":272,"column":81}},"50":{"start":{"line":273,"column":17},"end":{"line":280,"column":20}},"51":{"start":{"line":283,"column":15},"end":{"line":283,"column":30}},"52":{"start":{"line":286,"column":15},"end":{"line":286,"column":85}},"53":{"start":{"line":289,"column":15},"end":{"line":296,"column":18}},"54":{"start":{"line":303,"column":0},"end":{"line":316,"column":3}},"55":{"start":{"line":319,"column":0},"end":{"line":323,"column":2}},"56":{"start":{"line":320,"column":2},"end":{"line":322,"column":5}},"57":{"start":{"line":326,"column":0},"end":{"line":328,"column":2}},"58":{"start":{"line":327,"column":2},"end":{"line":327,"column":71}},"59":{"start":{"line":331,"column":0},"end":{"line":335,"column":2}},"60":{"start":{"line":332,"column":2},"end":{"line":334,"column":27}},"61":{"start":{"line":338,"column":0},"end":{"line":342,"column":2}},"62":{"start":{"line":339,"column":2},"end":{"line":341,"column":27}},"63":{"start":{"line":345,"column":0},"end":{"line":363,"column":3}},"64":{"start":{"line":347,"column":2},"end":{"line":347,"column":49}},"65":{"start":{"line":347,"column":18},"end":{"line":347,"column":49}},"66":{"start":{"line":348,"column":2},"end":{"line":350,"column":3}},"67":{"start":{"line":349,"column":4},"end":{"line":349,"column":77}},"68":{"start":{"line":349,"column":46},"end":{"line":349,"column":59}},"69":{"start":{"line":353,"column":2},"end":{"line":355,"column":3}},"70":{"start":{"line":354,"column":4},"end":{"line":354,"column":38}},"71":{"start":{"line":358,"column":2},"end":{"line":360,"column":3}},"72":{"start":{"line":359,"column":4},"end":{"line":359,"column":36}},"73":{"start":{"line":362,"column":2},"end":{"line":362,"column":9}},"74":{"start":{"line":366,"column":0},"end":{"line":368,"column":3}},"75":{"start":{"line":367,"column":2},"end":{"line":367,"column":70}},"76":{"start":{"line":371,"column":0},"end":{"line":371,"column":45}},"77":{"start":{"line":372,"column":0},"end":{"line":372,"column":47}},"78":{"start":{"line":374,"column":13},"end":{"line":374,"column":47}},"79":{"start":{"line":376,"column":0},"end":{"line":376,"column":22}}},"fnMap":{"0":{"name":"(anonymous_0)","decl":{"start":{"line":139,"column":17},"end":{"line":139,"column":18}},"loc":{"start":{"line":139,"column":29},"end":{"line":141,"column":7}},"line":139},"1":{"name":"(anonymous_1)","decl":{"start":{"line":197,"column":33},"end":{"line":197,"column":34}},"loc":{"start":{"line":197,"column":44},"end":{"line":199,"column":1}},"line":197},"2":{"name":"(anonymous_2)","decl":{"start":{"line":202,"column":35},"end":{"line":202,"column":36}},"loc":{"start":{"line":202,"column":46},"end":{"line":207,"column":1}},"line":202},"3":{"name":"(anonymous_3)","decl":{"start":{"line":210,"column":31},"end":{"line":210,"column":32}},"loc":{"start":{"line":210,"column":42},"end":{"line":220,"column":1}},"line":210},"4":{"name":"(anonymous_4)","decl":{"start":{"line":213,"column":39},"end":{"line":213,"column":40}},"loc":{"start":{"line":213,"column":45},"end":{"line":213,"column":66}},"line":213},"5":{"name":"(anonymous_5)","decl":{"start":{"line":216,"column":39},"end":{"line":216,"column":40}},"loc":{"start":{"line":216,"column":45},"end":{"line":216,"column":66}},"line":216},"6":{"name":"(anonymous_6)","decl":{"start":{"line":224,"column":33},"end":{"line":224,"column":34}},"loc":{"start":{"line":224,"column":44},"end":{"line":226,"column":1}},"line":224},"7":{"name":"(anonymous_7)","decl":{"start":{"line":229,"column":34},"end":{"line":229,"column":35}},"loc":{"start":{"line":229,"column":45},"end":{"line":238,"column":1}},"line":229},"8":{"name":"(anonymous_8)","decl":{"start":{"line":241,"column":36},"end":{"line":241,"column":37}},"loc":{"start":{"line":241,"column":47},"end":{"line":245,"column":1}},"line":241},"9":{"name":"(anonymous_9)","decl":{"start":{"line":249,"column":33},"end":{"line":249,"column":34}},"loc":{"start":{"line":249,"column":63},"end":{"line":298,"column":1}},"line":249},"10":{"name":"(anonymous_10)","decl":{"start":{"line":267,"column":19},"end":{"line":267,"column":20}},"loc":{"start":{"line":267,"column":30},"end":{"line":284,"column":14}},"line":267},"11":{"name":"(anonymous_11)","decl":{"start":{"line":285,"column":20},"end":{"line":285,"column":21}},"loc":{"start":{"line":285,"column":29},"end":{"line":297,"column":14}},"line":285},"12":{"name":"(anonymous_12)","decl":{"start":{"line":319,"column":32},"end":{"line":319,"column":33}},"loc":{"start":{"line":319,"column":47},"end":{"line":323,"column":1}},"line":319},"13":{"name":"(anonymous_13)","decl":{"start":{"line":326,"column":33},"end":{"line":326,"column":34}},"loc":{"start":{"line":326,"column":50},"end":{"line":328,"column":1}},"line":326},"14":{"name":"(anonymous_14)","decl":{"start":{"line":331,"column":32},"end":{"line":331,"column":33}},"loc":{"start":{"line":331,"column":53},"end":{"line":335,"column":1}},"line":331},"15":{"name":"(anonymous_15)","decl":{"start":{"line":338,"column":31},"end":{"line":338,"column":32}},"loc":{"start":{"line":338,"column":52},"end":{"line":342,"column":1}},"line":338},"16":{"name":"(anonymous_16)","decl":{"start":{"line":345,"column":23},"end":{"line":345,"column":24}},"loc":{"start":{"line":345,"column":38},"end":{"line":363,"column":1}},"line":345},"17":{"name":"(anonymous_17)","decl":{"start":{"line":349,"column":36},"end":{"line":349,"column":37}},"loc":{"start":{"line":349,"column":46},"end":{"line":349,"column":59}},"line":349},"18":{"name":"(anonymous_18)","decl":{"start":{"line":366,"column":24},"end":{"line":366,"column":25}},"loc":{"start":{"line":366,"column":35},"end":{"line":368,"column":1}},"line":366}},"branchMap":{"0":{"loc":{"start":{"line":140,"column":15},"end":{"line":140,"column":45}},"type":"binary-expr","locations":[{"start":{"line":140,"column":15},"end":{"line":140,"column":17}},{"start":{"line":140,"column":21},"end":{"line":140,"column":45}}],"line":140},"1":{"loc":{"start":{"line":198,"column":9},"end":{"line":198,"column":85}},"type":"cond-expr","locations":[{"start":{"line":198,"column":51},"end":{"line":198,"column":66}},{"start":{"line":198,"column":69},"end":{"line":198,"column":85}}],"line":198},"2":{"loc":{"start":{"line":198,"column":9},"end":{"line":198,"column":48}},"type":"binary-expr","locations":[{"start":{"line":198,"column":9},"end":{"line":198,"column":21}},{"start":{"line":198,"column":25},"end":{"line":198,"column":48}}],"line":198},"3":{"loc":{"start":{"line":203,"column":9},"end":{"line":206,"column":13}},"type":"binary-expr","locations":[{"start":{"line":203,"column":9},"end":{"line":203,"column":19}},{"start":{"line":204,"column":9},"end":{"line":204,"column":48}},{"start":{"line":205,"column":9},"end":{"line":205,"column":53}},{"start":{"line":206,"column":9},"end":{"line":206,"column":13}}],"line":203},"4":{"loc":{"start":{"line":211,"column":2},"end":{"line":211,"column":70}},"type":"if","locations":[{"start":{"line":211,"column":2},"end":{"line":211,"column":70}},{"start":{},"end":{}}],"line":211},"5":{"loc":{"start":{"line":211,"column":6},"end":{"line":211,"column":56}},"type":"binary-expr","locations":[{"start":{"line":211,"column":6},"end":{"line":211,"column":23}},{"start":{"line":211,"column":27},"end":{"line":211,"column":56}}],"line":211},"6":{"loc":{"start":{"line":214,"column":2},"end":{"line":214,"column":39}},"type":"if","locations":[{"start":{"line":214,"column":2},"end":{"line":214,"column":39}},{"start":{},"end":{}}],"line":214},"7":{"loc":{"start":{"line":217,"column":2},"end":{"line":217,"column":39}},"type":"if","locations":[{"start":{"line":217,"column":2},"end":{"line":217,"column":39}},{"start":{},"end":{}}],"line":217},"8":{"loc":{"start":{"line":249,"column":49},"end":{"line":249,"column":61}},"type":"default-arg","locations":[{"start":{"line":249,"column":59},"end":{"line":249,"column":61}}],"line":249},"9":{"loc":{"start":{"line":258,"column":2},"end":{"line":258,"column":58}},"type":"if","locations":[{"start":{"line":258,"column":2},"end":{"line":258,"column":58}},{"start":{},"end":{}}],"line":258},"10":{"loc":{"start":{"line":259,"column":2},"end":{"line":259,"column":79}},"type":"if","locations":[{"start":{"line":259,"column":2},"end":{"line":259,"column":79}},{"start":{},"end":{}}],"line":259},"11":{"loc":{"start":{"line":260,"column":2},"end":{"line":260,"column":70}},"type":"if","locations":[{"start":{"line":260,"column":2},"end":{"line":260,"column":70}},{"start":{},"end":{}}],"line":260},"12":{"loc":{"start":{"line":261,"column":2},"end":{"line":261,"column":64}},"type":"if","locations":[{"start":{"line":261,"column":2},"end":{"line":261,"column":64}},{"start":{},"end":{}}],"line":261},"13":{"loc":{"start":{"line":271,"column":15},"end":{"line":281,"column":16}},"type":"if","locations":[{"start":{"line":271,"column":15},"end":{"line":281,"column":16}},{"start":{},"end":{}}],"line":271},"14":{"loc":{"start":{"line":331,"column":41},"end":{"line":331,"column":51}},"type":"default-arg","locations":[{"start":{"line":331,"column":49},"end":{"line":331,"column":51}}],"line":331},"15":{"loc":{"start":{"line":338,"column":40},"end":{"line":338,"column":50}},"type":"default-arg","locations":[{"start":{"line":338,"column":48},"end":{"line":338,"column":50}}],"line":338},"16":{"loc":{"start":{"line":347,"column":2},"end":{"line":347,"column":49}},"type":"if","locations":[{"start":{"line":347,"column":2},"end":{"line":347,"column":49}},{"start":{},"end":{}}],"line":347},"17":{"loc":{"start":{"line":348,"column":2},"end":{"line":350,"column":3}},"type":"if","locations":[{"start":{"line":348,"column":2},"end":{"line":350,"column":3}},{"start":{},"end":{}}],"line":348},"18":{"loc":{"start":{"line":353,"column":2},"end":{"line":355,"column":3}},"type":"if","locations":[{"start":{"line":353,"column":2},"end":{"line":355,"column":3}},{"start":{},"end":{}}],"line":353},"19":{"loc":{"start":{"line":353,"column":6},"end":{"line":353,"column":48}},"type":"binary-expr","locations":[{"start":{"line":353,"column":6},"end":{"line":353,"column":19}},{"start":{"line":353,"column":23},"end":{"line":353,"column":48}}],"line":353},"20":{"loc":{"start":{"line":358,"column":2},"end":{"line":360,"column":3}},"type":"if","locations":[{"start":{"line":358,"column":2},"end":{"line":360,"column":3}},{"start":{},"end":{}}],"line":358},"21":{"loc":{"start":{"line":358,"column":6},"end":{"line":358,"column":66}},"type":"binary-expr","locations":[{"start":{"line":358,"column":6},"end":{"line":358,"column":17}},{"start":{"line":358,"column":21},"end":{"line":358,"column":36}},{"start":{"line":358,"column":40},"end":{"line":358,"column":66}}],"line":358}},"s":{"0":1,"1":1,"2":1,"3":1,"4":1,"5":0,"6":1,"7":1,"8":1,"9":1,"10":1,"11":0,"12":1,"13":0,"14":1,"15":0,"16":0,"17":0,"18":0,"19":0,"20":0,"21":0,"22":0,"23":0,"24":0,"25":0,"26":1,"27":0,"28":1,"29":0,"30":1,"31":0,"32":0,"33":0,"34":1,"35":0,"36":0,"37":0,"38":0,"39":0,"40":0,"41":0,"42":0,"43":0,"44":0,"45":0,"46":0,"47":0,"48":0,"49":0,"50":0,"51":0,"52":0,"53":0,"54":1,"55":1,"56":0,"57":1,"58":0,"59":1,"60":0,"61":1,"62":0,"63":1,"64":0,"65":0,"66":0,"67":0,"68":0,"69":0,"70":0,"71":0,"72":0,"73":0,"74":1,"75":0,"76":1,"77":1,"78":1,"79":1},"f":{"0":0,"1":0,"2":0,"3":0,"4":0,"5":0,"6":0,"7":0,"8":0,"9":0,"10":0,"11":0,"12":0,"13":0,"14":0,"15":0,"16":0,"17":0,"18":0},"b":{"0":[0,0],"1":[0,0],"2":[0,0],"3":[0,0,0,0],"4":[0,0],"5":[0,0],"6":[0,0],"7":[0,0],"8":[0],"9":[0,0],"10":[0,0],"11":[0,0],"12":[0,0],"13":[0,0],"14":[0],"15":[0],"16":[0,0],"17":[0,0],"18":[0,0],"19":[0,0],"20":[0,0],"21":[0,0,0]},"_coverageSchema":"1a1c01bbd47fc00a2c39e90264f33305004495a9","hash":"c16bfe26178ffb13ce40c45beecaed41d336790f"}
,"/Users/xenfroz/Documents/library-app/library-backend/src/models/Loan.js": {"path":"/Users/xenfroz/Documents/library-app/library-backend/src/models/Loan.js","statementMap":{"0":{"start":{"line":2,"column":26},"end":{"line":2,"column":46}},"1":{"start":{"line":3,"column":22},"end":{"line":3,"column":53}},"2":{"start":{"line":5,"column":13},"end":{"line":105,"column":2}},"3":{"start":{"line":98,"column":6},"end":{"line":102,"column":7}},"4":{"start":{"line":99,"column":24},"end":{"line":99,"column":34}},"5":{"start":{"line":100,"column":8},"end":{"line":100,"column":48}},"6":{"start":{"line":101,"column":8},"end":{"line":101,"column":32}},"7":{"start":{"line":108,"column":0},"end":{"line":110,"column":2}},"8":{"start":{"line":109,"column":2},"end":{"line":109,"column":64}},"9":{"start":{"line":112,"column":0},"end":{"line":114,"column":2}},"10":{"start":{"line":113,"column":2},"end":{"line":113,"column":76}},"11":{"start":{"line":116,"column":0},"end":{"line":129,"column":2}},"12":{"start":{"line":117,"column":2},"end":{"line":119,"column":3}},"13":{"start":{"line":118,"column":4},"end":{"line":118,"column":58}},"14":{"start":{"line":121,"column":2},"end":{"line":121,"column":26}},"15":{"start":{"line":122,"column":2},"end":{"line":122,"column":26}},"16":{"start":{"line":124,"column":21},"end":{"line":124,"column":44}},"17":{"start":{"line":125,"column":2},"end":{"line":125,"column":60}},"18":{"start":{"line":126,"column":2},"end":{"line":126,"column":29}},"19":{"start":{"line":128,"column":2},"end":{"line":128,"column":21}},"20":{"start":{"line":131,"column":0},"end":{"line":135,"column":2}},"21":{"start":{"line":132,"column":2},"end":{"line":132,"column":27}},"22":{"start":{"line":133,"column":2},"end":{"line":133,"column":34}},"23":{"start":{"line":134,"column":2},"end":{"line":134,"column":21}},"24":{"start":{"line":138,"column":0},"end":{"line":148,"column":2}},"25":{"start":{"line":139,"column":2},"end":{"line":147,"column":5}},"26":{"start":{"line":150,"column":0},"end":{"line":165,"column":2}},"27":{"start":{"line":151,"column":2},"end":{"line":164,"column":5}},"28":{"start":{"line":167,"column":0},"end":{"line":167,"column":22}}},"fnMap":{"0":{"name":"(anonymous_0)","decl":{"start":{"line":96,"column":18},"end":{"line":96,"column":19}},"loc":{"start":{"line":96,"column":28},"end":{"line":103,"column":5}},"line":96},"1":{"name":"(anonymous_1)","decl":{"start":{"line":108,"column":27},"end":{"line":108,"column":28}},"loc":{"start":{"line":108,"column":38},"end":{"line":110,"column":1}},"line":108},"2":{"name":"(anonymous_2)","decl":{"start":{"line":112,"column":26},"end":{"line":112,"column":27}},"loc":{"start":{"line":112,"column":37},"end":{"line":114,"column":1}},"line":112},"3":{"name":"(anonymous_3)","decl":{"start":{"line":116,"column":27},"end":{"line":116,"column":28}},"loc":{"start":{"line":116,"column":63},"end":{"line":129,"column":1}},"line":116},"4":{"name":"(anonymous_4)","decl":{"start":{"line":131,"column":28},"end":{"line":131,"column":29}},"loc":{"start":{"line":131,"column":45},"end":{"line":135,"column":1}},"line":131},"5":{"name":"(anonymous_5)","decl":{"start":{"line":138,"column":29},"end":{"line":138,"column":30}},"loc":{"start":{"line":138,"column":46},"end":{"line":148,"column":1}},"line":138},"6":{"name":"(anonymous_6)","decl":{"start":{"line":150,"column":23},"end":{"line":150,"column":24}},"loc":{"start":{"line":150,"column":34},"end":{"line":165,"column":1}},"line":150}},"branchMap":{"0":{"loc":{"start":{"line":98,"column":6},"end":{"line":102,"column":7}},"type":"if","locations":[{"start":{"line":98,"column":6},"end":{"line":102,"column":7}},{"start":{},"end":{}}],"line":98},"1":{"loc":{"start":{"line":109,"column":9},"end":{"line":109,"column":63}},"type":"binary-expr","locations":[{"start":{"line":109,"column":9},"end":{"line":109,"column":35}},{"start":{"line":109,"column":39},"end":{"line":109,"column":63}}],"line":109},"2":{"loc":{"start":{"line":113,"column":9},"end":{"line":113,"column":75}},"type":"binary-expr","locations":[{"start":{"line":113,"column":9},"end":{"line":113,"column":47}},{"start":{"line":113,"column":51},"end":{"line":113,"column":75}}],"line":113},"3":{"loc":{"start":{"line":116,"column":42},"end":{"line":116,"column":61}},"type":"default-arg","locations":[{"start":{"line":116,"column":59},"end":{"line":116,"column":61}}],"line":116},"4":{"loc":{"start":{"line":117,"column":2},"end":{"line":119,"column":3}},"type":"if","locations":[{"start":{"line":117,"column":2},"end":{"line":119,"column":3}},{"start":{},"end":{}}],"line":117}},"s":{"0":0,"1":0,"2":0,"3":0,"4":0,"5":0,"6":0,"7":0,"8":0,"9":0,"10":0,"11":0,"12":0,"13":0,"14":0,"15":0,"16":0,"17":0,"18":0,"19":0,"20":0,"21":0,"22":0,"23":0,"24":0,"25":0,"26":0,"27":0,"28":0},"f":{"0":0,"1":0,"2":0,"3":0,"4":0,"5":0,"6":0},"b":{"0":[0,0],"1":[0,0],"2":[0,0],"3":[0],"4":[0,0]}}
,"/Users/xenfroz/Documents/library-app/library-backend/src/models/User.js": {"path":"/Users/xenfroz/Documents/library-app/library-backend/src/models/User.js","statementMap":{"0":{"start":{"line":1,"column":22},"end":{"line":1,"column":42}},"1":{"start":{"line":2,"column":15},"end":{"line":2,"column":34}},"2":{"start":{"line":4,"column":24},"end":{"line":98,"column":1}},"3":{"start":{"line":5,"column":15},"end":{"line":70,"column":4}},"4":{"start":{"line":65,"column":8},"end":{"line":67,"column":9}},"5":{"start":{"line":66,"column":10},"end":{"line":66,"column":73}},"6":{"start":{"line":73,"column":2},"end":{"line":75,"column":4}},"7":{"start":{"line":74,"column":4},"end":{"line":74,"column":56}},"8":{"start":{"line":77,"column":2},"end":{"line":81,"column":4}},"9":{"start":{"line":78,"column":19},"end":{"line":78,"column":36}},"10":{"start":{"line":79,"column":4},"end":{"line":79,"column":32}},"11":{"start":{"line":80,"column":4},"end":{"line":80,"column":18}},"12":{"start":{"line":84,"column":2},"end":{"line":95,"column":4}},"13":{"start":{"line":85,"column":19},"end":{"line":85,"column":39}},"14":{"start":{"line":86,"column":4},"end":{"line":94,"column":7}},"15":{"start":{"line":97,"column":2},"end":{"line":97,"column":14}},"16":{"start":{"line":100,"column":0},"end":{"line":100,"column":33}}},"fnMap":{"0":{"name":"(anonymous_0)","decl":{"start":{"line":4,"column":24},"end":{"line":4,"column":25}},"loc":{"start":{"line":4,"column":39},"end":{"line":98,"column":1}},"line":4},"1":{"name":"(anonymous_1)","decl":{"start":{"line":64,"column":20},"end":{"line":64,"column":21}},"loc":{"start":{"line":64,"column":36},"end":{"line":68,"column":7}},"line":64},"2":{"name":"(anonymous_2)","decl":{"start":{"line":73,"column":36},"end":{"line":73,"column":37}},"loc":{"start":{"line":73,"column":61},"end":{"line":75,"column":3}},"line":73},"3":{"name":"(anonymous_3)","decl":{"start":{"line":77,"column":26},"end":{"line":77,"column":27}},"loc":{"start":{"line":77,"column":37},"end":{"line":81,"column":3}},"line":77},"4":{"name":"(anonymous_4)","decl":{"start":{"line":84,"column":31},"end":{"line":84,"column":32}},"loc":{"start":{"line":84,"column":52},"end":{"line":95,"column":3}},"line":84}},"branchMap":{"0":{"loc":{"start":{"line":65,"column":8},"end":{"line":67,"column":9}},"type":"if","locations":[{"start":{"line":65,"column":8},"end":{"line":67,"column":9}},{"start":{},"end":{}}],"line":65}},"s":{"0":1,"1":1,"2":1,"3":0,"4":0,"5":0,"6":0,"7":0,"8":0,"9":0,"10":0,"11":0,"12":0,"13":0,"14":0,"15":0,"16":1},"f":{"0":0,"1":0,"2":0,"3":0,"4":0},"b":{"0":[0,0]},"_coverageSchema":"1a1c01bbd47fc00a2c39e90264f33305004495a9","hash":"39d31c1992db4f09ad11bde6ce8f459623d4451d"}
,"/Users/xenfroz/Documents/library-app/library-backend/src/routes/auth.js": {"path":"/Users/xenfroz/Documents/library-app/library-backend/src/routes/auth.js","statementMap":{"0":{"start":{"line":1,"column":16},"end":{"line":1,"column":34}},"1":{"start":{"line":2,"column":12},"end":{"line":2,"column":35}},"2":{"start":{"line":3,"column":15},"end":{"line":3,"column":31}},"3":{"start":{"line":6,"column":0},"end":{"line":72,"column":3}},"4":{"start":{"line":7,"column":2},"end":{"line":71,"column":3}},"5":{"start":{"line":8,"column":35},"end":{"line":8,"column":43}},"6":{"start":{"line":11,"column":4},"end":{"line":16,"column":5}},"7":{"start":{"line":12,"column":6},"end":{"line":15,"column":9}},"8":{"start":{"line":19,"column":21},"end":{"line":19,"column":42}},"9":{"start":{"line":22,"column":17},"end":{"line":22,"column":59}},"10":{"start":{"line":24,"column":4},"end":{"line":29,"column":5}},"11":{"start":{"line":25,"column":6},"end":{"line":28,"column":9}},"12":{"start":{"line":32,"column":28},"end":{"line":32,"column":65}},"13":{"start":{"line":34,"column":4},"end":{"line":39,"column":5}},"14":{"start":{"line":35,"column":6},"end":{"line":38,"column":9}},"15":{"start":{"line":42,"column":18},"end":{"line":50,"column":5}},"16":{"start":{"line":53,"column":4},"end":{"line":53,"column":33}},"17":{"start":{"line":54,"column":4},"end":{"line":54,"column":22}},"18":{"start":{"line":56,"column":4},"end":{"line":63,"column":7}},"19":{"start":{"line":66,"column":4},"end":{"line":66,"column":44}},"20":{"start":{"line":67,"column":4},"end":{"line":70,"column":7}},"21":{"start":{"line":75,"column":0},"end":{"line":146,"column":3}},"22":{"start":{"line":76,"column":2},"end":{"line":145,"column":3}},"23":{"start":{"line":77,"column":78},"end":{"line":77,"column":86}},"24":{"start":{"line":80,"column":4},"end":{"line":85,"column":5}},"25":{"start":{"line":81,"column":6},"end":{"line":84,"column":9}},"26":{"start":{"line":87,"column":21},"end":{"line":87,"column":42}},"27":{"start":{"line":90,"column":25},"end":{"line":91,"column":64}},"28":{"start":{"line":93,"column":4},"end":{"line":98,"column":5}},"29":{"start":{"line":94,"column":6},"end":{"line":97,"column":9}},"30":{"start":{"line":101,"column":20},"end":{"line":108,"column":6}},"31":{"start":{"line":111,"column":18},"end":{"line":119,"column":5}},"32":{"start":{"line":121,"column":4},"end":{"line":128,"column":7}},"33":{"start":{"line":131,"column":4},"end":{"line":131,"column":47}},"34":{"start":{"line":133,"column":4},"end":{"line":139,"column":5}},"35":{"start":{"line":134,"column":6},"end":{"line":138,"column":9}},"36":{"start":{"line":137,"column":41},"end":{"line":137,"column":52}},"37":{"start":{"line":141,"column":4},"end":{"line":144,"column":7}},"38":{"start":{"line":149,"column":0},"end":{"line":187,"column":3}},"39":{"start":{"line":150,"column":2},"end":{"line":186,"column":3}},"40":{"start":{"line":151,"column":18},"end":{"line":151,"column":67}},"41":{"start":{"line":153,"column":4},"end":{"line":158,"column":5}},"42":{"start":{"line":154,"column":6},"end":{"line":157,"column":9}},"43":{"start":{"line":160,"column":20},"end":{"line":160,"column":61}},"44":{"start":{"line":161,"column":21},"end":{"line":161,"column":42}},"45":{"start":{"line":163,"column":17},"end":{"line":163,"column":52}},"46":{"start":{"line":165,"column":4},"end":{"line":170,"column":5}},"47":{"start":{"line":166,"column":6},"end":{"line":169,"column":9}},"48":{"start":{"line":172,"column":4},"end":{"line":178,"column":7}},"49":{"start":{"line":181,"column":4},"end":{"line":181,"column":41}},"50":{"start":{"line":182,"column":4},"end":{"line":185,"column":7}},"51":{"start":{"line":189,"column":0},"end":{"line":189,"column":24}}},"fnMap":{"0":{"name":"(anonymous_0)","decl":{"start":{"line":6,"column":22},"end":{"line":6,"column":23}},"loc":{"start":{"line":6,"column":42},"end":{"line":72,"column":1}},"line":6},"1":{"name":"(anonymous_1)","decl":{"start":{"line":75,"column":25},"end":{"line":75,"column":26}},"loc":{"start":{"line":75,"column":45},"end":{"line":146,"column":1}},"line":75},"2":{"name":"(anonymous_2)","decl":{"start":{"line":137,"column":34},"end":{"line":137,"column":35}},"loc":{"start":{"line":137,"column":41},"end":{"line":137,"column":52}},"line":137},"3":{"name":"(anonymous_3)","decl":{"start":{"line":149,"column":18},"end":{"line":149,"column":19}},"loc":{"start":{"line":149,"column":38},"end":{"line":187,"column":1}},"line":149}},"branchMap":{"0":{"loc":{"start":{"line":11,"column":4},"end":{"line":16,"column":5}},"type":"if","locations":[{"start":{"line":11,"column":4},"end":{"line":16,"column":5}},{"start":{},"end":{}}],"line":11},"1":{"loc":{"start":{"line":11,"column":8},"end":{"line":11,"column":30}},"type":"binary-expr","locations":[{"start":{"line":11,"column":8},"end":{"line":11,"column":17}},{"start":{"line":11,"column":21},"end":{"line":11,"column":30}}],"line":11},"2":{"loc":{"start":{"line":24,"column":4},"end":{"line":29,"column":5}},"type":"if","locations":[{"start":{"line":24,"column":4},"end":{"line":29,"column":5}},{"start":{},"end":{}}],"line":24},"3":{"loc":{"start":{"line":34,"column":4},"end":{"line":39,"column":5}},"type":"if","locations":[{"start":{"line":34,"column":4},"end":{"line":39,"column":5}},{"start":{},"end":{}}],"line":34},"4":{"loc":{"start":{"line":49,"column":19},"end":{"line":49,"column":54}},"type":"binary-expr","locations":[{"start":{"line":49,"column":19},"end":{"line":49,"column":45}},{"start":{"line":49,"column":49},"end":{"line":49,"column":54}}],"line":49},"5":{"loc":{"start":{"line":77,"column":60},"end":{"line":77,"column":73}},"type":"default-arg","locations":[{"start":{"line":77,"column":67},"end":{"line":77,"column":73}}],"line":77},"6":{"loc":{"start":{"line":80,"column":4},"end":{"line":85,"column":5}},"type":"if","locations":[{"start":{"line":80,"column":4},"end":{"line":85,"column":5}},{"start":{},"end":{}}],"line":80},"7":{"loc":{"start":{"line":80,"column":8},"end":{"line":80,"column":67}},"type":"binary-expr","locations":[{"start":{"line":80,"column":8},"end":{"line":80,"column":18}},{"start":{"line":80,"column":22},"end":{"line":80,"column":31}},{"start":{"line":80,"column":35},"end":{"line":80,"column":44}},{"start":{"line":80,"column":48},"end":{"line":80,"column":54}},{"start":{"line":80,"column":58},"end":{"line":80,"column":67}}],"line":80},"8":{"loc":{"start":{"line":90,"column":25},"end":{"line":91,"column":64}},"type":"binary-expr","locations":[{"start":{"line":90,"column":25},"end":{"line":90,"column":67}},{"start":{"line":91,"column":25},"end":{"line":91,"column":64}}],"line":90},"9":{"loc":{"start":{"line":93,"column":4},"end":{"line":98,"column":5}},"type":"if","locations":[{"start":{"line":93,"column":4},"end":{"line":98,"column":5}},{"start":{},"end":{}}],"line":93},"10":{"loc":{"start":{"line":107,"column":12},"end":{"line":107,"column":73}},"type":"cond-expr","locations":[{"start":{"line":107,"column":60},"end":{"line":107,"column":64}},{"start":{"line":107,"column":67},"end":{"line":107,"column":73}}],"line":107},"11":{"loc":{"start":{"line":118,"column":19},"end":{"line":118,"column":54}},"type":"binary-expr","locations":[{"start":{"line":118,"column":19},"end":{"line":118,"column":45}},{"start":{"line":118,"column":49},"end":{"line":118,"column":54}}],"line":118},"12":{"loc":{"start":{"line":133,"column":4},"end":{"line":139,"column":5}},"type":"if","locations":[{"start":{"line":133,"column":4},"end":{"line":139,"column":5}},{"start":{},"end":{}}],"line":133},"13":{"loc":{"start":{"line":153,"column":4},"end":{"line":158,"column":5}},"type":"if","locations":[{"start":{"line":153,"column":4},"end":{"line":158,"column":5}},{"start":{},"end":{}}],"line":153},"14":{"loc":{"start":{"line":165,"column":4},"end":{"line":170,"column":5}},"type":"if","locations":[{"start":{"line":165,"column":4},"end":{"line":170,"column":5}},{"start":{},"end":{}}],"line":165},"15":{"loc":{"start":{"line":165,"column":8},"end":{"line":165,"column":32}},"type":"binary-expr","locations":[{"start":{"line":165,"column":8},"end":{"line":165,"column":13}},{"start":{"line":165,"column":17},"end":{"line":165,"column":32}}],"line":165}},"s":{"0":1,"1":1,"2":1,"3":1,"4":0,"5":0,"6":0,"7":0,"8":0,"9":0,"10":0,"11":0,"12":0,"13":0,"14":0,"15":0,"16":0,"17":0,"18":0,"19":0,"20":0,"21":1,"22":0,"23":0,"24":0,"25":0,"26":0,"27":0,"28":0,"29":0,"30":0,"31":0,"32":0,"33":0,"34":0,"35":0,"36":0,"37":0,"38":1,"39":0,"40":0,"41":0,"42":0,"43":0,"44":0,"45":0,"46":0,"47":0,"48":0,"49":0,"50":0,"51":1},"f":{"0":0,"1":0,"2":0,"3":0},"b":{"0":[0,0],"1":[0,0],"2":[0,0],"3":[0,0],"4":[0,0],"5":[0],"6":[0,0],"7":[0,0,0,0,0],"8":[0,0],"9":[0,0],"10":[0,0],"11":[0,0],"12":[0,0],"13":[0,0],"14":[0,0],"15":[0,0]},"_coverageSchema":"1a1c01bbd47fc00a2c39e90264f33305004495a9","hash":"b204f5cc4e633e02416acbe69d0eb8d88fc84b93"}
,"/Users/xenfroz/Documents/library-app/library-backend/src/routes/books.js": {"path":"/Users/xenfroz/Documents/library-app/library-backend/src/routes/books.js","statementMap":{"0":{"start":{"line":1,"column":16},"end":{"line":1,"column":34}},"1":{"start":{"line":2,"column":15},"end":{"line":2,"column":31}},"2":{"start":{"line":3,"column":13},"end":{"line":3,"column":38}},"3":{"start":{"line":4,"column":27},"end":{"line":4,"column":68}},"4":{"start":{"line":9,"column":0},"end":{"line":69,"column":3}},"5":{"start":{"line":10,"column":2},"end":{"line":68,"column":3}},"6":{"start":{"line":20,"column":8},"end":{"line":20,"column":17}},"7":{"start":{"line":23,"column":16},"end":{"line":23,"column":18}},"8":{"start":{"line":26,"column":4},"end":{"line":26,"column":38}},"9":{"start":{"line":26,"column":16},"end":{"line":26,"column":38}},"10":{"start":{"line":27,"column":4},"end":{"line":27,"column":57}},"11":{"start":{"line":27,"column":18},"end":{"line":27,"column":57}},"12":{"start":{"line":28,"column":4},"end":{"line":28,"column":66}},"13":{"start":{"line":28,"column":16},"end":{"line":28,"column":66}},"14":{"start":{"line":32,"column":4},"end":{"line":44,"column":5}},"15":{"start":{"line":33,"column":6},"end":{"line":33,"column":52}},"16":{"start":{"line":36,"column":26},"end":{"line":36,"column":28}},"17":{"start":{"line":37,"column":6},"end":{"line":37,"column":58}},"18":{"start":{"line":39,"column":6},"end":{"line":43,"column":16}},"19":{"start":{"line":47,"column":18},"end":{"line":47,"column":50}},"20":{"start":{"line":49,"column":4},"end":{"line":59,"column":7}},"21":{"start":{"line":62,"column":4},"end":{"line":62,"column":49}},"22":{"start":{"line":63,"column":4},"end":{"line":67,"column":7}},"23":{"start":{"line":72,"column":0},"end":{"line":91,"column":3}},"24":{"start":{"line":73,"column":2},"end":{"line":90,"column":3}},"25":{"start":{"line":74,"column":27},"end":{"line":74,"column":36}},"26":{"start":{"line":76,"column":18},"end":{"line":76,"column":56}},"27":{"start":{"line":78,"column":4},"end":{"line":82,"column":7}},"28":{"start":{"line":85,"column":4},"end":{"line":85,"column":57}},"29":{"start":{"line":86,"column":4},"end":{"line":89,"column":7}},"30":{"start":{"line":94,"column":0},"end":{"line":113,"column":3}},"31":{"start":{"line":95,"column":2},"end":{"line":112,"column":3}},"32":{"start":{"line":96,"column":27},"end":{"line":96,"column":36}},"33":{"start":{"line":98,"column":18},"end":{"line":98,"column":55}},"34":{"start":{"line":100,"column":4},"end":{"line":104,"column":7}},"35":{"start":{"line":107,"column":4},"end":{"line":107,"column":56}},"36":{"start":{"line":108,"column":4},"end":{"line":111,"column":7}},"37":{"start":{"line":116,"column":0},"end":{"line":158,"column":3}},"38":{"start":{"line":117,"column":2},"end":{"line":157,"column":3}},"39":{"start":{"line":118,"column":18},"end":{"line":118,"column":27}},"40":{"start":{"line":120,"column":4},"end":{"line":126,"column":5}},"41":{"start":{"line":121,"column":6},"end":{"line":125,"column":9}},"42":{"start":{"line":129,"column":23},"end":{"line":129,"column":61}},"43":{"start":{"line":132,"column":30},"end":{"line":132,"column":81}},"44":{"start":{"line":134,"column":4},"end":{"line":149,"column":7}},"45":{"start":{"line":137,"column":39},"end":{"line":143,"column":9}},"46":{"start":{"line":144,"column":49},"end":{"line":147,"column":9}},"47":{"start":{"line":152,"column":4},"end":{"line":152,"column":68}},"48":{"start":{"line":153,"column":4},"end":{"line":156,"column":7}},"49":{"start":{"line":161,"column":0},"end":{"line":190,"column":3}},"50":{"start":{"line":162,"column":2},"end":{"line":189,"column":3}},"51":{"start":{"line":163,"column":17},"end":{"line":163,"column":51}},"52":{"start":{"line":165,"column":4},"end":{"line":170,"column":5}},"53":{"start":{"line":166,"column":6},"end":{"line":169,"column":9}},"54":{"start":{"line":173,"column":25},"end":{"line":173,"column":75}},"55":{"start":{"line":175,"column":4},"end":{"line":181,"column":7}},"56":{"start":{"line":184,"column":4},"end":{"line":184,"column":53}},"57":{"start":{"line":185,"column":4},"end":{"line":188,"column":7}},"58":{"start":{"line":196,"column":0},"end":{"line":315,"column":3}},"59":{"start":{"line":197,"column":2},"end":{"line":314,"column":3}},"60":{"start":{"line":207,"column":8},"end":{"line":207,"column":16}},"61":{"start":{"line":210,"column":4},"end":{"line":215,"column":5}},"62":{"start":{"line":211,"column":6},"end":{"line":214,"column":9}},"63":{"start":{"line":217,"column":4},"end":{"line":222,"column":5}},"64":{"start":{"line":218,"column":6},"end":{"line":221,"column":9}},"65":{"start":{"line":225,"column":4},"end":{"line":234,"column":5}},"66":{"start":{"line":226,"column":27},"end":{"line":226,"column":54}},"67":{"start":{"line":227,"column":6},"end":{"line":233,"column":7}},"68":{"start":{"line":228,"column":8},"end":{"line":232,"column":11}},"69":{"start":{"line":237,"column":19},"end":{"line":247,"column":5}},"70":{"start":{"line":250,"column":23},"end":{"line":250,"column":27}},"71":{"start":{"line":252,"column":4},"end":{"line":284,"column":5}},"72":{"start":{"line":253,"column":6},"end":{"line":253,"column":73}},"73":{"start":{"line":255,"column":6},"end":{"line":265,"column":7}},"74":{"start":{"line":257,"column":8},"end":{"line":257,"column":67}},"75":{"start":{"line":258,"column":13},"end":{"line":265,"column":7}},"76":{"start":{"line":260,"column":28},"end":{"line":260,"column":87}},"77":{"start":{"line":261,"column":24},"end":{"line":261,"column":76}},"78":{"start":{"line":262,"column":8},"end":{"line":264,"column":9}},"79":{"start":{"line":263,"column":10},"end":{"line":263,"column":36}},"80":{"start":{"line":267,"column":6},"end":{"line":280,"column":7}},"81":{"start":{"line":268,"column":8},"end":{"line":268,"column":57}},"82":{"start":{"line":271,"column":8},"end":{"line":277,"column":10}},"83":{"start":{"line":279,"column":8},"end":{"line":279,"column":55}},"84":{"start":{"line":283,"column":6},"end":{"line":283,"column":87}},"85":{"start":{"line":287,"column":17},"end":{"line":287,"column":35}},"86":{"start":{"line":288,"column":4},"end":{"line":288,"column":22}},"87":{"start":{"line":290,"column":4},"end":{"line":290,"column":58}},"88":{"start":{"line":292,"column":4},"end":{"line":297,"column":7}},"89":{"start":{"line":300,"column":4},"end":{"line":300,"column":50}},"90":{"start":{"line":302,"column":4},"end":{"line":308,"column":5}},"91":{"start":{"line":303,"column":6},"end":{"line":307,"column":9}},"92":{"start":{"line":306,"column":56},"end":{"line":306,"column":67}},"93":{"start":{"line":310,"column":4},"end":{"line":313,"column":7}},"94":{"start":{"line":318,"column":0},"end":{"line":375,"column":3}},"95":{"start":{"line":319,"column":2},"end":{"line":374,"column":3}},"96":{"start":{"line":320,"column":17},"end":{"line":320,"column":51}},"97":{"start":{"line":322,"column":4},"end":{"line":327,"column":5}},"98":{"start":{"line":323,"column":6},"end":{"line":326,"column":9}},"99":{"start":{"line":330,"column":27},"end":{"line":335,"column":5}},"100":{"start":{"line":337,"column":20},"end":{"line":337,"column":22}},"101":{"start":{"line":338,"column":4},"end":{"line":349,"column":7}},"102":{"start":{"line":339,"column":6},"end":{"line":348,"column":7}},"103":{"start":{"line":340,"column":8},"end":{"line":347,"column":9}},"104":{"start":{"line":342,"column":34},"end":{"line":342,"column":50}},"105":{"start":{"line":343,"column":10},"end":{"line":343,"column":53}},"106":{"start":{"line":343,"column":32},"end":{"line":343,"column":53}},"107":{"start":{"line":344,"column":10},"end":{"line":344,"column":51}},"108":{"start":{"line":346,"column":10},"end":{"line":346,"column":43}},"109":{"start":{"line":352,"column":4},"end":{"line":352,"column":33}},"110":{"start":{"line":354,"column":4},"end":{"line":356,"column":5}},"111":{"start":{"line":355,"column":6},"end":{"line":355,"column":51}},"112":{"start":{"line":358,"column":4},"end":{"line":358,"column":22}},"113":{"start":{"line":360,"column":4},"end":{"line":360,"column":51}},"114":{"start":{"line":362,"column":4},"end":{"line":366,"column":7}},"115":{"start":{"line":369,"column":4},"end":{"line":369,"column":53}},"116":{"start":{"line":370,"column":4},"end":{"line":373,"column":7}},"117":{"start":{"line":378,"column":0},"end":{"line":413,"column":3}},"118":{"start":{"line":379,"column":2},"end":{"line":412,"column":3}},"119":{"start":{"line":380,"column":17},"end":{"line":380,"column":51}},"120":{"start":{"line":382,"column":4},"end":{"line":387,"column":5}},"121":{"start":{"line":383,"column":6},"end":{"line":386,"column":9}},"122":{"start":{"line":390,"column":4},"end":{"line":395,"column":5}},"123":{"start":{"line":391,"column":6},"end":{"line":394,"column":9}},"124":{"start":{"line":397,"column":4},"end":{"line":397,"column":48}},"125":{"start":{"line":399,"column":4},"end":{"line":399,"column":53}},"126":{"start":{"line":401,"column":4},"end":{"line":404,"column":7}},"127":{"start":{"line":407,"column":4},"end":{"line":407,"column":56}},"128":{"start":{"line":408,"column":4},"end":{"line":411,"column":7}},"129":{"start":{"line":416,"column":0},"end":{"line":476,"column":3}},"130":{"start":{"line":417,"column":2},"end":{"line":475,"column":3}},"131":{"start":{"line":418,"column":17},"end":{"line":418,"column":51}},"132":{"start":{"line":420,"column":4},"end":{"line":425,"column":5}},"133":{"start":{"line":421,"column":6},"end":{"line":424,"column":9}},"134":{"start":{"line":428,"column":23},"end":{"line":428,"column":27}},"135":{"start":{"line":430,"column":4},"end":{"line":438,"column":5}},"136":{"start":{"line":431,"column":6},"end":{"line":431,"column":70}},"137":{"start":{"line":433,"column":26},"end":{"line":433,"column":56}},"138":{"start":{"line":434,"column":22},"end":{"line":434,"column":74}},"139":{"start":{"line":435,"column":6},"end":{"line":437,"column":7}},"140":{"start":{"line":436,"column":8},"end":{"line":436,"column":34}},"141":{"start":{"line":440,"column":4},"end":{"line":467,"column":5}},"142":{"start":{"line":442,"column":6},"end":{"line":453,"column":9}},"143":{"start":{"line":455,"column":6},"end":{"line":455,"column":34}},"144":{"start":{"line":457,"column":6},"end":{"line":461,"column":9}},"145":{"start":{"line":463,"column":6},"end":{"line":466,"column":9}},"146":{"start":{"line":470,"column":4},"end":{"line":470,"column":61}},"147":{"start":{"line":471,"column":4},"end":{"line":474,"column":7}},"148":{"start":{"line":479,"column":0},"end":{"line":510,"column":3}},"149":{"start":{"line":480,"column":2},"end":{"line":509,"column":3}},"150":{"start":{"line":481,"column":18},"end":{"line":488,"column":6}},"151":{"start":{"line":490,"column":4},"end":{"line":501,"column":7}},"152":{"start":{"line":504,"column":4},"end":{"line":504,"column":55}},"153":{"start":{"line":505,"column":4},"end":{"line":508,"column":7}},"154":{"start":{"line":512,"column":0},"end":{"line":512,"column":24}}},"fnMap":{"0":{"name":"(anonymous_0)","decl":{"start":{"line":9,"column":16},"end":{"line":9,"column":17}},"loc":{"start":{"line":9,"column":36},"end":{"line":69,"column":1}},"line":9},"1":{"name":"(anonymous_1)","decl":{"start":{"line":72,"column":23},"end":{"line":72,"column":24}},"loc":{"start":{"line":72,"column":43},"end":{"line":91,"column":1}},"line":72},"2":{"name":"(anonymous_2)","decl":{"start":{"line":94,"column":22},"end":{"line":94,"column":23}},"loc":{"start":{"line":94,"column":42},"end":{"line":113,"column":1}},"line":94},"3":{"name":"(anonymous_3)","decl":{"start":{"line":116,"column":34},"end":{"line":116,"column":35}},"loc":{"start":{"line":116,"column":54},"end":{"line":158,"column":1}},"line":116},"4":{"name":"(anonymous_4)","decl":{"start":{"line":137,"column":30},"end":{"line":137,"column":31}},"loc":{"start":{"line":137,"column":39},"end":{"line":143,"column":9}},"line":137},"5":{"name":"(anonymous_5)","decl":{"start":{"line":144,"column":40},"end":{"line":144,"column":41}},"loc":{"start":{"line":144,"column":49},"end":{"line":147,"column":9}},"line":144},"6":{"name":"(anonymous_6)","decl":{"start":{"line":161,"column":19},"end":{"line":161,"column":20}},"loc":{"start":{"line":161,"column":39},"end":{"line":190,"column":1}},"line":161},"7":{"name":"(anonymous_7)","decl":{"start":{"line":196,"column":17},"end":{"line":196,"column":18}},"loc":{"start":{"line":196,"column":37},"end":{"line":315,"column":1}},"line":196},"8":{"name":"(anonymous_8)","decl":{"start":{"line":306,"column":49},"end":{"line":306,"column":50}},"loc":{"start":{"line":306,"column":56},"end":{"line":306,"column":67}},"line":306},"9":{"name":"(anonymous_9)","decl":{"start":{"line":318,"column":19},"end":{"line":318,"column":20}},"loc":{"start":{"line":318,"column":39},"end":{"line":375,"column":1}},"line":318},"10":{"name":"(anonymous_10)","decl":{"start":{"line":338,"column":27},"end":{"line":338,"column":28}},"loc":{"start":{"line":338,"column":36},"end":{"line":349,"column":5}},"line":338},"11":{"name":"(anonymous_11)","decl":{"start":{"line":378,"column":22},"end":{"line":378,"column":23}},"loc":{"start":{"line":378,"column":42},"end":{"line":413,"column":1}},"line":378},"12":{"name":"(anonymous_12)","decl":{"start":{"line":416,"column":27},"end":{"line":416,"column":28}},"loc":{"start":{"line":416,"column":47},"end":{"line":476,"column":1}},"line":416},"13":{"name":"(anonymous_13)","decl":{"start":{"line":479,"column":21},"end":{"line":479,"column":22}},"loc":{"start":{"line":479,"column":41},"end":{"line":510,"column":1}},"line":479}},"branchMap":{"0":{"loc":{"start":{"line":12,"column":6},"end":{"line":12,"column":14}},"type":"default-arg","locations":[{"start":{"line":12,"column":13},"end":{"line":12,"column":14}}],"line":12},"1":{"loc":{"start":{"line":13,"column":6},"end":{"line":13,"column":16}},"type":"default-arg","locations":[{"start":{"line":13,"column":14},"end":{"line":13,"column":16}}],"line":13},"2":{"loc":{"start":{"line":18,"column":6},"end":{"line":18,"column":22}},"type":"default-arg","locations":[{"start":{"line":18,"column":15},"end":{"line":18,"column":22}}],"line":18},"3":{"loc":{"start":{"line":19,"column":6},"end":{"line":19,"column":23}},"type":"default-arg","locations":[{"start":{"line":19,"column":18},"end":{"line":19,"column":23}}],"line":19},"4":{"loc":{"start":{"line":26,"column":4},"end":{"line":26,"column":38}},"type":"if","locations":[{"start":{"line":26,"column":4},"end":{"line":26,"column":38}},{"start":{},"end":{}}],"line":26},"5":{"loc":{"start":{"line":27,"column":4},"end":{"line":27,"column":57}},"type":"if","locations":[{"start":{"line":27,"column":4},"end":{"line":27,"column":57}},{"start":{},"end":{}}],"line":27},"6":{"loc":{"start":{"line":28,"column":4},"end":{"line":28,"column":66}},"type":"if","locations":[{"start":{"line":28,"column":4},"end":{"line":28,"column":66}},{"start":{},"end":{}}],"line":28},"7":{"loc":{"start":{"line":32,"column":4},"end":{"line":44,"column":5}},"type":"if","locations":[{"start":{"line":32,"column":4},"end":{"line":44,"column":5}},{"start":{"line":34,"column":11},"end":{"line":44,"column":5}}],"line":32},"8":{"loc":{"start":{"line":37,"column":28},"end":{"line":37,"column":57}},"type":"cond-expr","locations":[{"start":{"line":37,"column":51},"end":{"line":37,"column":53}},{"start":{"line":37,"column":56},"end":{"line":37,"column":57}}],"line":37},"9":{"loc":{"start":{"line":74,"column":12},"end":{"line":74,"column":22}},"type":"default-arg","locations":[{"start":{"line":74,"column":20},"end":{"line":74,"column":22}}],"line":74},"10":{"loc":{"start":{"line":96,"column":12},"end":{"line":96,"column":22}},"type":"default-arg","locations":[{"start":{"line":96,"column":20},"end":{"line":96,"column":22}}],"line":96},"11":{"loc":{"start":{"line":120,"column":4},"end":{"line":126,"column":5}},"type":"if","locations":[{"start":{"line":120,"column":4},"end":{"line":126,"column":5}},{"start":{},"end":{}}],"line":120},"12":{"loc":{"start":{"line":120,"column":8},"end":{"line":120,"column":26}},"type":"binary-expr","locations":[{"start":{"line":120,"column":8},"end":{"line":120,"column":10}},{"start":{"line":120,"column":14},"end":{"line":120,"column":26}}],"line":120},"13":{"loc":{"start":{"line":165,"column":4},"end":{"line":170,"column":5}},"type":"if","locations":[{"start":{"line":165,"column":4},"end":{"line":170,"column":5}},{"start":{},"end":{}}],"line":165},"14":{"loc":{"start":{"line":203,"column":6},"end":{"line":203,"column":24}},"type":"default-arg","locations":[{"start":{"line":203,"column":18},"end":{"line":203,"column":24}}],"line":203},"15":{"loc":{"start":{"line":206,"column":6},"end":{"line":206,"column":25}},"type":"default-arg","locations":[{"start":{"line":206,"column":18},"end":{"line":206,"column":25}}],"line":206},"16":{"loc":{"start":{"line":210,"column":4},"end":{"line":215,"column":5}},"type":"if","locations":[{"start":{"line":210,"column":4},"end":{"line":215,"column":5}},{"start":{},"end":{}}],"line":210},"17":{"loc":{"start":{"line":217,"column":4},"end":{"line":222,"column":5}},"type":"if","locations":[{"start":{"line":217,"column":4},"end":{"line":222,"column":5}},{"start":{},"end":{}}],"line":217},"18":{"loc":{"start":{"line":225,"column":4},"end":{"line":234,"column":5}},"type":"if","locations":[{"start":{"line":225,"column":4},"end":{"line":234,"column":5}},{"start":{},"end":{}}],"line":225},"19":{"loc":{"start":{"line":227,"column":6},"end":{"line":233,"column":7}},"type":"if","locations":[{"start":{"line":227,"column":6},"end":{"line":233,"column":7}},{"start":{},"end":{}}],"line":227},"20":{"loc":{"start":{"line":239,"column":15},"end":{"line":239,"column":79}},"type":"cond-expr","locations":[{"start":{"line":239,"column":40},"end":{"line":239,"column":47}},{"start":{"line":239,"column":50},"end":{"line":239,"column":79}}],"line":239},"21":{"loc":{"start":{"line":239,"column":51},"end":{"line":239,"column":78}},"type":"binary-expr","locations":[{"start":{"line":239,"column":51},"end":{"line":239,"column":58}},{"start":{"line":239,"column":62},"end":{"line":239,"column":78}}],"line":239},"22":{"loc":{"start":{"line":243,"column":15},"end":{"line":243,"column":52}},"type":"cond-expr","locations":[{"start":{"line":243,"column":23},"end":{"line":243,"column":40}},{"start":{"line":243,"column":43},"end":{"line":243,"column":52}}],"line":243},"23":{"loc":{"start":{"line":244,"column":15},"end":{"line":244,"column":26}},"type":"binary-expr","locations":[{"start":{"line":244,"column":15},"end":{"line":244,"column":20}},{"start":{"line":244,"column":24},"end":{"line":244,"column":26}}],"line":244},"24":{"loc":{"start":{"line":255,"column":6},"end":{"line":265,"column":7}},"type":"if","locations":[{"start":{"line":255,"column":6},"end":{"line":265,"column":7}},{"start":{"line":258,"column":13},"end":{"line":265,"column":7}}],"line":255},"25":{"loc":{"start":{"line":258,"column":13},"end":{"line":265,"column":7}},"type":"if","locations":[{"start":{"line":258,"column":13},"end":{"line":265,"column":7}},{"start":{},"end":{}}],"line":258},"26":{"loc":{"start":{"line":258,"column":17},"end":{"line":258,"column":33}},"type":"binary-expr","locations":[{"start":{"line":258,"column":17},"end":{"line":258,"column":22}},{"start":{"line":258,"column":26},"end":{"line":258,"column":33}}],"line":258},"27":{"loc":{"start":{"line":260,"column":40},"end":{"line":260,"column":85}},"type":"cond-expr","locations":[{"start":{"line":260,"column":65},"end":{"line":260,"column":75}},{"start":{"line":260,"column":78},"end":{"line":260,"column":85}}],"line":260},"28":{"loc":{"start":{"line":262,"column":8},"end":{"line":264,"column":9}},"type":"if","locations":[{"start":{"line":262,"column":8},"end":{"line":264,"column":9}},{"start":{},"end":{}}],"line":262},"29":{"loc":{"start":{"line":267,"column":6},"end":{"line":280,"column":7}},"type":"if","locations":[{"start":{"line":267,"column":6},"end":{"line":280,"column":7}},{"start":{"line":278,"column":13},"end":{"line":280,"column":7}}],"line":267},"30":{"loc":{"start":{"line":302,"column":4},"end":{"line":308,"column":5}},"type":"if","locations":[{"start":{"line":302,"column":4},"end":{"line":308,"column":5}},{"start":{},"end":{}}],"line":302},"31":{"loc":{"start":{"line":322,"column":4},"end":{"line":327,"column":5}},"type":"if","locations":[{"start":{"line":322,"column":4},"end":{"line":327,"column":5}},{"start":{},"end":{}}],"line":322},"32":{"loc":{"start":{"line":339,"column":6},"end":{"line":348,"column":7}},"type":"if","locations":[{"start":{"line":339,"column":6},"end":{"line":348,"column":7}},{"start":{},"end":{}}],"line":339},"33":{"loc":{"start":{"line":340,"column":8},"end":{"line":347,"column":9}},"type":"if","locations":[{"start":{"line":340,"column":8},"end":{"line":347,"column":9}},{"start":{"line":345,"column":15},"end":{"line":347,"column":9}}],"line":340},"34":{"loc":{"start":{"line":343,"column":10},"end":{"line":343,"column":53}},"type":"if","locations":[{"start":{"line":343,"column":10},"end":{"line":343,"column":53}},{"start":{},"end":{}}],"line":343},"35":{"loc":{"start":{"line":354,"column":4},"end":{"line":356,"column":5}},"type":"if","locations":[{"start":{"line":354,"column":4},"end":{"line":356,"column":5}},{"start":{},"end":{}}],"line":354},"36":{"loc":{"start":{"line":382,"column":4},"end":{"line":387,"column":5}},"type":"if","locations":[{"start":{"line":382,"column":4},"end":{"line":387,"column":5}},{"start":{},"end":{}}],"line":382},"37":{"loc":{"start":{"line":390,"column":4},"end":{"line":395,"column":5}},"type":"if","locations":[{"start":{"line":390,"column":4},"end":{"line":395,"column":5}},{"start":{},"end":{}}],"line":390},"38":{"loc":{"start":{"line":420,"column":4},"end":{"line":425,"column":5}},"type":"if","locations":[{"start":{"line":420,"column":4},"end":{"line":425,"column":5}},{"start":{},"end":{}}],"line":420},"39":{"loc":{"start":{"line":430,"column":4},"end":{"line":438,"column":5}},"type":"if","locations":[{"start":{"line":430,"column":4},"end":{"line":438,"column":5}},{"start":{"line":432,"column":11},"end":{"line":438,"column":5}}],"line":430},"40":{"loc":{"start":{"line":435,"column":6},"end":{"line":437,"column":7}},"type":"if","locations":[{"start":{"line":435,"column":6},"end":{"line":437,"column":7}},{"start":{},"end":{}}],"line":435},"41":{"loc":{"start":{"line":440,"column":4},"end":{"line":467,"column":5}},"type":"if","locations":[{"start":{"line":440,"column":4},"end":{"line":467,"column":5}},{"start":{"line":462,"column":11},"end":{"line":467,"column":5}}],"line":440},"42":{"loc":{"start":{"line":443,"column":18},"end":{"line":443,"column":56}},"type":"binary-expr","locations":[{"start":{"line":443,"column":18},"end":{"line":443,"column":39}},{"start":{"line":443,"column":43},"end":{"line":443,"column":56}}],"line":443},"43":{"loc":{"start":{"line":444,"column":21},"end":{"line":444,"column":65}},"type":"binary-expr","locations":[{"start":{"line":444,"column":21},"end":{"line":444,"column":45}},{"start":{"line":444,"column":49},"end":{"line":444,"column":65}}],"line":444},"44":{"loc":{"start":{"line":445,"column":20},"end":{"line":445,"column":62}},"type":"binary-expr","locations":[{"start":{"line":445,"column":20},"end":{"line":445,"column":43}},{"start":{"line":445,"column":47},"end":{"line":445,"column":62}}],"line":445},"45":{"loc":{"start":{"line":446,"column":15},"end":{"line":446,"column":47}},"type":"binary-expr","locations":[{"start":{"line":446,"column":15},"end":{"line":446,"column":33}},{"start":{"line":446,"column":37},"end":{"line":446,"column":47}}],"line":446},"46":{"loc":{"start":{"line":447,"column":19},"end":{"line":447,"column":59}},"type":"binary-expr","locations":[{"start":{"line":447,"column":19},"end":{"line":447,"column":41}},{"start":{"line":447,"column":45},"end":{"line":447,"column":59}}],"line":447},"47":{"loc":{"start":{"line":448,"column":23},"end":{"line":448,"column":71}},"type":"binary-expr","locations":[{"start":{"line":448,"column":23},"end":{"line":448,"column":49}},{"start":{"line":448,"column":53},"end":{"line":448,"column":71}}],"line":448},"48":{"loc":{"start":{"line":449,"column":19},"end":{"line":449,"column":59}},"type":"binary-expr","locations":[{"start":{"line":449,"column":19},"end":{"line":449,"column":41}},{"start":{"line":449,"column":45},"end":{"line":449,"column":59}}],"line":449},"49":{"loc":{"start":{"line":450,"column":15},"end":{"line":450,"column":47}},"type":"binary-expr","locations":[{"start":{"line":450,"column":15},"end":{"line":450,"column":33}},{"start":{"line":450,"column":37},"end":{"line":450,"column":47}}],"line":450},"50":{"loc":{"start":{"line":452,"column":21},"end":{"line":452,"column":65}},"type":"binary-expr","locations":[{"start":{"line":452,"column":21},"end":{"line":452,"column":45}},{"start":{"line":452,"column":49},"end":{"line":452,"column":65}}],"line":452},"51":{"loc":{"start":{"line":499,"column":24},"end":{"line":499,"column":82}},"type":"cond-expr","locations":[{"start":{"line":499,"column":39},"end":{"line":499,"column":78}},{"start":{"line":499,"column":81},"end":{"line":499,"column":82}}],"line":499}},"s":{"0":1,"1":1,"2":1,"3":1,"4":1,"5":0,"6":0,"7":0,"8":0,"9":0,"10":0,"11":0,"12":0,"13":0,"14":0,"15":0,"16":0,"17":0,"18":0,"19":0,"20":0,"21":0,"22":0,"23":1,"24":0,"25":0,"26":0,"27":0,"28":0,"29":0,"30":1,"31":0,"32":0,"33":0,"34":0,"35":0,"36":0,"37":1,"38":0,"39":0,"40":0,"41":0,"42":0,"43":0,"44":0,"45":0,"46":0,"47":0,"48":0,"49":1,"50":0,"51":0,"52":0,"53":0,"54":0,"55":0,"56":0,"57":0,"58":1,"59":0,"60":0,"61":0,"62":0,"63":0,"64":0,"65":0,"66":0,"67":0,"68":0,"69":0,"70":0,"71":0,"72":0,"73":0,"74":0,"75":0,"76":0,"77":0,"78":0,"79":0,"80":0,"81":0,"82":0,"83":0,"84":0,"85":0,"86":0,"87":0,"88":0,"89":0,"90":0,"91":0,"92":0,"93":0,"94":1,"95":0,"96":0,"97":0,"98":0,"99":0,"100":0,"101":0,"102":0,"103":0,"104":0,"105":0,"106":0,"107":0,"108":0,"109":0,"110":0,"111":0,"112":0,"113":0,"114":0,"115":0,"116":0,"117":1,"118":0,"119":0,"120":0,"121":0,"122":0,"123":0,"124":0,"125":0,"126":0,"127":0,"128":0,"129":1,"130":0,"131":0,"132":0,"133":0,"134":0,"135":0,"136":0,"137":0,"138":0,"139":0,"140":0,"141":0,"142":0,"143":0,"144":0,"145":0,"146":0,"147":0,"148":1,"149":0,"150":0,"151":0,"152":0,"153":0,"154":1},"f":{"0":0,"1":0,"2":0,"3":0,"4":0,"5":0,"6":0,"7":0,"8":0,"9":0,"10":0,"11":0,"12":0,"13":0},"b":{"0":[0],"1":[0],"2":[0],"3":[0],"4":[0,0],"5":[0,0],"6":[0,0],"7":[0,0],"8":[0,0],"9":[0],"10":[0],"11":[0,0],"12":[0,0],"13":[0,0],"14":[0],"15":[0],"16":[0,0],"17":[0,0],"18":[0,0],"19":[0,0],"20":[0,0],"21":[0,0],"22":[0,0],"23":[0,0],"24":[0,0],"25":[0,0],"26":[0,0],"27":[0,0],"28":[0,0],"29":[0,0],"30":[0,0],"31":[0,0],"32":[0,0],"33":[0,0],"34":[0,0],"35":[0,0],"36":[0,0],"37":[0,0],"38":[0,0],"39":[0,0],"40":[0,0],"41":[0,0],"42":[0,0],"43":[0,0],"44":[0,0],"45":[0,0],"46":[0,0],"47":[0,0],"48":[0,0],"49":[0,0],"50":[0,0],"51":[0,0]},"_coverageSchema":"1a1c01bbd47fc00a2c39e90264f33305004495a9","hash":"7b78f6e2127a7b4075c8110c54c1a95eaa40d871"}
,"/Users/xenfroz/Documents/library-app/library-backend/src/routes/loans.js": {"path":"/Users/xenfroz/Documents/library-app/library-backend/src/routes/loans.js","statementMap":{"0":{"start":{"line":1,"column":16},"end":{"line":1,"column":34}},"1":{"start":{"line":2,"column":15},"end":{"line":2,"column":31}},"2":{"start":{"line":4,"column":0},"end":{"line":6,"column":3}},"3":{"start":{"line":5,"column":2},"end":{"line":5,"column":47}},"4":{"start":{"line":8,"column":0},"end":{"line":8,"column":24}}},"fnMap":{"0":{"name":"(anonymous_0)","decl":{"start":{"line":4,"column":16},"end":{"line":4,"column":17}},"loc":{"start":{"line":4,"column":30},"end":{"line":6,"column":1}},"line":4}},"branchMap":{},"s":{"0":1,"1":1,"2":1,"3":0,"4":1},"f":{"0":0},"b":{},"_coverageSchema":"1a1c01bbd47fc00a2c39e90264f33305004495a9","hash":"5f17e43f8739742959cec78d55e55219a57f3f54"}
,"/Users/xenfroz/Documents/library-app/library-backend/src/routes/users.js": {"path":"/Users/xenfroz/Documents/library-app/library-backend/src/routes/users.js","statementMap":{"0":{"start":{"line":1,"column":16},"end":{"line":1,"column":34}},"1":{"start":{"line":2,"column":15},"end":{"line":2,"column":31}},"2":{"start":{"line":4,"column":0},"end":{"line":6,"column":3}},"3":{"start":{"line":5,"column":2},"end":{"line":5,"column":47}},"4":{"start":{"line":8,"column":0},"end":{"line":8,"column":24}}},"fnMap":{"0":{"name":"(anonymous_0)","decl":{"start":{"line":4,"column":16},"end":{"line":4,"column":17}},"loc":{"start":{"line":4,"column":30},"end":{"line":6,"column":1}},"line":4}},"branchMap":{},"s":{"0":1,"1":1,"2":1,"3":0,"4":1},"f":{"0":0},"b":{},"_coverageSchema":"1a1c01bbd47fc00a2c39e90264f33305004495a9","hash":"868697c488a73d0a04a6f15eca38f82d7a4f429a"}
,"/Users/xenfroz/Documents/library-app/library-backend/src/services/googleBooksService.js": {"path":"/Users/xenfroz/Documents/library-app/library-backend/src/services/googleBooksService.js","statementMap":{"0":{"start":{"line":1,"column":14},"end":{"line":1,"column":30}},"1":{"start":{"line":5,"column":4},"end":{"line":5,"column":65}},"2":{"start":{"line":6,"column":4},"end":{"line":6,"column":51}},"3":{"start":{"line":11,"column":4},"end":{"line":43,"column":5}},"4":{"start":{"line":12,"column":21},"end":{"line":18,"column":7}},"5":{"start":{"line":20,"column":6},"end":{"line":22,"column":7}},"6":{"start":{"line":21,"column":8},"end":{"line":21,"column":33}},"7":{"start":{"line":24,"column":6},"end":{"line":24,"column":59}},"8":{"start":{"line":26,"column":23},"end":{"line":29,"column":8}},"9":{"start":{"line":31,"column":6},"end":{"line":34,"column":7}},"10":{"start":{"line":32,"column":8},"end":{"line":32,"column":47}},"11":{"start":{"line":33,"column":8},"end":{"line":33,"column":18}},"12":{"start":{"line":36,"column":20},"end":{"line":36,"column":78}},"13":{"start":{"line":36,"column":52},"end":{"line":36,"column":77}},"14":{"start":{"line":37,"column":6},"end":{"line":37,"column":54}},"15":{"start":{"line":39,"column":6},"end":{"line":39,"column":19}},"16":{"start":{"line":41,"column":6},"end":{"line":41,"column":71}},"17":{"start":{"line":42,"column":6},"end":{"line":42,"column":67}},"18":{"start":{"line":48,"column":4},"end":{"line":64,"column":5}},"19":{"start":{"line":49,"column":24},"end":{"line":49,"column":50}},"20":{"start":{"line":50,"column":6},"end":{"line":50,"column":57}},"21":{"start":{"line":52,"column":22},"end":{"line":52,"column":68}},"22":{"start":{"line":54,"column":6},"end":{"line":57,"column":7}},"23":{"start":{"line":55,"column":8},"end":{"line":55,"column":61}},"24":{"start":{"line":56,"column":8},"end":{"line":56,"column":26}},"25":{"start":{"line":59,"column":6},"end":{"line":59,"column":65}},"26":{"start":{"line":60,"column":6},"end":{"line":60,"column":18}},"27":{"start":{"line":62,"column":6},"end":{"line":62,"column":63}},"28":{"start":{"line":63,"column":6},"end":{"line":63,"column":18}},"29":{"start":{"line":69,"column":4},"end":{"line":89,"column":5}},"30":{"start":{"line":70,"column":6},"end":{"line":70,"column":58}},"31":{"start":{"line":72,"column":21},"end":{"line":72,"column":23}},"32":{"start":{"line":73,"column":6},"end":{"line":75,"column":7}},"33":{"start":{"line":74,"column":8},"end":{"line":74,"column":33}},"34":{"start":{"line":77,"column":23},"end":{"line":80,"column":8}},"35":{"start":{"line":82,"column":19},"end":{"line":82,"column":53}},"36":{"start":{"line":83,"column":6},"end":{"line":83,"column":56}},"37":{"start":{"line":85,"column":6},"end":{"line":85,"column":18}},"38":{"start":{"line":87,"column":6},"end":{"line":87,"column":62}},"39":{"start":{"line":88,"column":6},"end":{"line":88,"column":70}},"40":{"start":{"line":94,"column":23},"end":{"line":94,"column":44}},"41":{"start":{"line":95,"column":23},"end":{"line":95,"column":44}},"42":{"start":{"line":98,"column":24},"end":{"line":98,"column":26}},"43":{"start":{"line":99,"column":4},"end":{"line":106,"column":5}},"44":{"start":{"line":100,"column":6},"end":{"line":105,"column":9}},"45":{"start":{"line":101,"column":8},"end":{"line":104,"column":11}},"46":{"start":{"line":109,"column":23},"end":{"line":109,"column":50}},"47":{"start":{"line":110,"column":18},"end":{"line":115,"column":22}},"48":{"start":{"line":118,"column":22},"end":{"line":118,"column":50}},"49":{"start":{"line":119,"column":4},"end":{"line":123,"column":5}},"50":{"start":{"line":120,"column":6},"end":{"line":120,"column":56}},"51":{"start":{"line":121,"column":6},"end":{"line":121,"column":57}},"52":{"start":{"line":122,"column":6},"end":{"line":122,"column":39}},"53":{"start":{"line":125,"column":4},"end":{"line":165,"column":6}},"54":{"start":{"line":170,"column":4},"end":{"line":205,"column":5}},"55":{"start":{"line":171,"column":20},"end":{"line":171,"column":22}},"56":{"start":{"line":174,"column":6},"end":{"line":176,"column":7}},"57":{"start":{"line":175,"column":8},"end":{"line":175,"column":54}},"58":{"start":{"line":178,"column":6},"end":{"line":180,"column":7}},"59":{"start":{"line":179,"column":8},"end":{"line":179,"column":52}},"60":{"start":{"line":182,"column":6},"end":{"line":184,"column":7}},"61":{"start":{"line":183,"column":8},"end":{"line":183,"column":33}},"62":{"start":{"line":187,"column":6},"end":{"line":199,"column":7}},"63":{"start":{"line":188,"column":24},"end":{"line":188,"column":69}},"64":{"start":{"line":191,"column":25},"end":{"line":194,"column":9}},"65":{"start":{"line":192,"column":10},"end":{"line":193,"column":37}},"66":{"start":{"line":196,"column":8},"end":{"line":198,"column":9}},"67":{"start":{"line":197,"column":10},"end":{"line":197,"column":47}},"68":{"start":{"line":201,"column":6},"end":{"line":201,"column":16}},"69":{"start":{"line":203,"column":6},"end":{"line":203,"column":76}},"70":{"start":{"line":204,"column":6},"end":{"line":204,"column":16}},"71":{"start":{"line":210,"column":4},"end":{"line":224,"column":5}},"72":{"start":{"line":211,"column":6},"end":{"line":211,"column":38}},"73":{"start":{"line":211,"column":28},"end":{"line":211,"column":38}},"74":{"start":{"line":213,"column":22},"end":{"line":213,"column":63}},"75":{"start":{"line":215,"column":6},"end":{"line":220,"column":10}},"76":{"start":{"line":215,"column":34},"end":{"line":220,"column":7}},"77":{"start":{"line":222,"column":6},"end":{"line":222,"column":60}},"78":{"start":{"line":223,"column":6},"end":{"line":223,"column":16}},"79":{"start":{"line":229,"column":22},"end":{"line":229,"column":48}},"80":{"start":{"line":230,"column":4},"end":{"line":230,"column":51}},"81":{"start":{"line":235,"column":4},"end":{"line":235,"column":52}},"82":{"start":{"line":239,"column":0},"end":{"line":239,"column":42}}},"fnMap":{"0":{"name":"(anonymous_0)","decl":{"start":{"line":4,"column":2},"end":{"line":4,"column":3}},"loc":{"start":{"line":4,"column":16},"end":{"line":7,"column":3}},"line":4},"1":{"name":"(anonymous_1)","decl":{"start":{"line":10,"column":2},"end":{"line":10,"column":3}},"loc":{"start":{"line":10,"column":44},"end":{"line":44,"column":3}},"line":10},"2":{"name":"(anonymous_2)","decl":{"start":{"line":36,"column":44},"end":{"line":36,"column":45}},"loc":{"start":{"line":36,"column":52},"end":{"line":36,"column":77}},"line":36},"3":{"name":"(anonymous_3)","decl":{"start":{"line":47,"column":2},"end":{"line":47,"column":3}},"loc":{"start":{"line":47,"column":27},"end":{"line":65,"column":3}},"line":47},"4":{"name":"(anonymous_4)","decl":{"start":{"line":68,"column":2},"end":{"line":68,"column":3}},"loc":{"start":{"line":68,"column":33},"end":{"line":90,"column":3}},"line":68},"5":{"name":"(anonymous_5)","decl":{"start":{"line":93,"column":2},"end":{"line":93,"column":3}},"loc":{"start":{"line":93,"column":23},"end":{"line":166,"column":3}},"line":93},"6":{"name":"(anonymous_6)","decl":{"start":{"line":100,"column":45},"end":{"line":100,"column":46}},"loc":{"start":{"line":100,"column":51},"end":{"line":105,"column":7}},"line":100},"7":{"name":"(anonymous_7)","decl":{"start":{"line":169,"column":2},"end":{"line":169,"column":3}},"loc":{"start":{"line":169,"column":47},"end":{"line":206,"column":3}},"line":169},"8":{"name":"(anonymous_8)","decl":{"start":{"line":191,"column":40},"end":{"line":191,"column":41}},"loc":{"start":{"line":192,"column":10},"end":{"line":193,"column":37}},"line":192},"9":{"name":"(anonymous_9)","decl":{"start":{"line":209,"column":2},"end":{"line":209,"column":3}},"loc":{"start":{"line":209,"column":52},"end":{"line":225,"column":3}},"line":209},"10":{"name":"(anonymous_10)","decl":{"start":{"line":215,"column":25},"end":{"line":215,"column":26}},"loc":{"start":{"line":215,"column":34},"end":{"line":220,"column":7}},"line":215},"11":{"name":"(anonymous_11)","decl":{"start":{"line":228,"column":2},"end":{"line":228,"column":3}},"loc":{"start":{"line":228,"column":20},"end":{"line":231,"column":3}},"line":228},"12":{"name":"(anonymous_12)","decl":{"start":{"line":234,"column":2},"end":{"line":234,"column":3}},"loc":{"start":{"line":234,"column":18},"end":{"line":236,"column":3}},"line":234}},"branchMap":{"0":{"loc":{"start":{"line":10,"column":27},"end":{"line":10,"column":42}},"type":"default-arg","locations":[{"start":{"line":10,"column":40},"end":{"line":10,"column":42}}],"line":10},"1":{"loc":{"start":{"line":20,"column":6},"end":{"line":22,"column":7}},"type":"if","locations":[{"start":{"line":20,"column":6},"end":{"line":22,"column":7}},{"start":{},"end":{}}],"line":20},"2":{"loc":{"start":{"line":31,"column":6},"end":{"line":34,"column":7}},"type":"if","locations":[{"start":{"line":31,"column":6},"end":{"line":34,"column":7}},{"start":{},"end":{}}],"line":31},"3":{"loc":{"start":{"line":54,"column":6},"end":{"line":57,"column":7}},"type":"if","locations":[{"start":{"line":54,"column":6},"end":{"line":57,"column":7}},{"start":{},"end":{}}],"line":54},"4":{"loc":{"start":{"line":73,"column":6},"end":{"line":75,"column":7}},"type":"if","locations":[{"start":{"line":73,"column":6},"end":{"line":75,"column":7}},{"start":{},"end":{}}],"line":73},"5":{"loc":{"start":{"line":94,"column":23},"end":{"line":94,"column":44}},"type":"binary-expr","locations":[{"start":{"line":94,"column":23},"end":{"line":94,"column":38}},{"start":{"line":94,"column":42},"end":{"line":94,"column":44}}],"line":94},"6":{"loc":{"start":{"line":95,"column":23},"end":{"line":95,"column":44}},"type":"binary-expr","locations":[{"start":{"line":95,"column":23},"end":{"line":95,"column":38}},{"start":{"line":95,"column":42},"end":{"line":95,"column":44}}],"line":95},"7":{"loc":{"start":{"line":99,"column":4},"end":{"line":106,"column":5}},"type":"if","locations":[{"start":{"line":99,"column":4},"end":{"line":106,"column":5}},{"start":{},"end":{}}],"line":99},"8":{"loc":{"start":{"line":109,"column":23},"end":{"line":109,"column":50}},"type":"binary-expr","locations":[{"start":{"line":109,"column":23},"end":{"line":109,"column":44}},{"start":{"line":109,"column":48},"end":{"line":109,"column":50}}],"line":109},"9":{"loc":{"start":{"line":110,"column":18},"end":{"line":115,"column":22}},"type":"binary-expr","locations":[{"start":{"line":110,"column":18},"end":{"line":110,"column":38}},{"start":{"line":111,"column":18},"end":{"line":111,"column":34}},{"start":{"line":112,"column":18},"end":{"line":112,"column":35}},{"start":{"line":113,"column":18},"end":{"line":113,"column":34}},{"start":{"line":114,"column":18},"end":{"line":114,"column":39}},{"start":{"line":115,"column":18},"end":{"line":115,"column":22}}],"line":110},"10":{"loc":{"start":{"line":118,"column":22},"end":{"line":118,"column":50}},"type":"binary-expr","locations":[{"start":{"line":118,"column":22},"end":{"line":118,"column":44}},{"start":{"line":118,"column":48},"end":{"line":118,"column":50}}],"line":118},"11":{"loc":{"start":{"line":119,"column":4},"end":{"line":123,"column":5}},"type":"if","locations":[{"start":{"line":119,"column":4},"end":{"line":123,"column":5}},{"start":{},"end":{}}],"line":119},"12":{"loc":{"start":{"line":127,"column":13},"end":{"line":127,"column":48}},"type":"binary-expr","locations":[{"start":{"line":127,"column":13},"end":{"line":127,"column":29}},{"start":{"line":127,"column":33},"end":{"line":127,"column":48}}],"line":127},"13":{"loc":{"start":{"line":128,"column":16},"end":{"line":128,"column":41}},"type":"binary-expr","locations":[{"start":{"line":128,"column":16},"end":{"line":128,"column":35}},{"start":{"line":128,"column":39},"end":{"line":128,"column":41}}],"line":128},"14":{"loc":{"start":{"line":129,"column":15},"end":{"line":129,"column":55}},"type":"binary-expr","locations":[{"start":{"line":129,"column":15},"end":{"line":129,"column":33}},{"start":{"line":129,"column":37},"end":{"line":129,"column":55}}],"line":129},"15":{"loc":{"start":{"line":133,"column":18},"end":{"line":133,"column":45}},"type":"binary-expr","locations":[{"start":{"line":133,"column":18},"end":{"line":133,"column":39}},{"start":{"line":133,"column":43},"end":{"line":133,"column":45}}],"line":133},"16":{"loc":{"start":{"line":134,"column":13},"end":{"line":134,"column":76}},"type":"cond-expr","locations":[{"start":{"line":134,"column":37},"end":{"line":134,"column":61}},{"start":{"line":134,"column":64},"end":{"line":134,"column":76}}],"line":134},"17":{"loc":{"start":{"line":135,"column":16},"end":{"line":135,"column":43}},"type":"binary-expr","locations":[{"start":{"line":135,"column":16},"end":{"line":135,"column":35}},{"start":{"line":135,"column":39},"end":{"line":135,"column":43}}],"line":135},"18":{"loc":{"start":{"line":138,"column":17},"end":{"line":138,"column":43}},"type":"binary-expr","locations":[{"start":{"line":138,"column":17},"end":{"line":138,"column":37}},{"start":{"line":138,"column":41},"end":{"line":138,"column":43}}],"line":138},"19":{"loc":{"start":{"line":139,"column":21},"end":{"line":139,"column":51}},"type":"binary-expr","locations":[{"start":{"line":139,"column":21},"end":{"line":139,"column":45}},{"start":{"line":139,"column":49},"end":{"line":139,"column":51}}],"line":139},"20":{"loc":{"start":{"line":140,"column":17},"end":{"line":140,"column":42}},"type":"binary-expr","locations":[{"start":{"line":140,"column":17},"end":{"line":140,"column":37}},{"start":{"line":140,"column":41},"end":{"line":140,"column":42}}],"line":140},"21":{"loc":{"start":{"line":169,"column":31},"end":{"line":169,"column":45}},"type":"default-arg","locations":[{"start":{"line":169,"column":44},"end":{"line":169,"column":45}}],"line":169},"22":{"loc":{"start":{"line":174,"column":6},"end":{"line":176,"column":7}},"type":"if","locations":[{"start":{"line":174,"column":6},"end":{"line":176,"column":7}},{"start":{},"end":{}}],"line":174},"23":{"loc":{"start":{"line":174,"column":10},"end":{"line":174,"column":55}},"type":"binary-expr","locations":[{"start":{"line":174,"column":10},"end":{"line":174,"column":25}},{"start":{"line":174,"column":29},"end":{"line":174,"column":55}}],"line":174},"24":{"loc":{"start":{"line":178,"column":6},"end":{"line":180,"column":7}},"type":"if","locations":[{"start":{"line":178,"column":6},"end":{"line":180,"column":7}},{"start":{},"end":{}}],"line":178},"25":{"loc":{"start":{"line":178,"column":10},"end":{"line":178,"column":49}},"type":"binary-expr","locations":[{"start":{"line":178,"column":10},"end":{"line":178,"column":22}},{"start":{"line":178,"column":26},"end":{"line":178,"column":49}}],"line":178},"26":{"loc":{"start":{"line":182,"column":6},"end":{"line":184,"column":7}},"type":"if","locations":[{"start":{"line":182,"column":6},"end":{"line":184,"column":7}},{"start":{},"end":{}}],"line":182},"27":{"loc":{"start":{"line":192,"column":10},"end":{"line":193,"column":37}},"type":"binary-expr","locations":[{"start":{"line":192,"column":10},"end":{"line":192,"column":79}},{"start":{"line":193,"column":10},"end":{"line":193,"column":37}}],"line":192},"28":{"loc":{"start":{"line":196,"column":8},"end":{"line":198,"column":9}},"type":"if","locations":[{"start":{"line":196,"column":8},"end":{"line":198,"column":9}},{"start":{},"end":{}}],"line":196},"29":{"loc":{"start":{"line":209,"column":36},"end":{"line":209,"column":50}},"type":"default-arg","locations":[{"start":{"line":209,"column":49},"end":{"line":209,"column":50}}],"line":209},"30":{"loc":{"start":{"line":211,"column":6},"end":{"line":211,"column":38}},"type":"if","locations":[{"start":{"line":211,"column":6},"end":{"line":211,"column":38}},{"start":{},"end":{}}],"line":211}},"s":{"0":1,"1":1,"2":1,"3":0,"4":0,"5":0,"6":0,"7":0,"8":0,"9":0,"10":0,"11":0,"12":0,"13":0,"14":0,"15":0,"16":0,"17":0,"18":0,"19":0,"20":0,"21":0,"22":0,"23":0,"24":0,"25":0,"26":0,"27":0,"28":0,"29":0,"30":0,"31":0,"32":0,"33":0,"34":0,"35":0,"36":0,"37":0,"38":0,"39":0,"40":0,"41":0,"42":0,"43":0,"44":0,"45":0,"46":0,"47":0,"48":0,"49":0,"50":0,"51":0,"52":0,"53":0,"54":0,"55":0,"56":0,"57":0,"58":0,"59":0,"60":0,"61":0,"62":0,"63":0,"64":0,"65":0,"66":0,"67":0,"68":0,"69":0,"70":0,"71":0,"72":0,"73":0,"74":0,"75":0,"76":0,"77":0,"78":0,"79":0,"80":0,"81":0,"82":1},"f":{"0":1,"1":0,"2":0,"3":0,"4":0,"5":0,"6":0,"7":0,"8":0,"9":0,"10":0,"11":0,"12":0},"b":{"0":[0],"1":[0,0],"2":[0,0],"3":[0,0],"4":[0,0],"5":[0,0],"6":[0,0],"7":[0,0],"8":[0,0],"9":[0,0,0,0,0,0],"10":[0,0],"11":[0,0],"12":[0,0],"13":[0,0],"14":[0,0],"15":[0,0],"16":[0,0],"17":[0,0],"18":[0,0],"19":[0,0],"20":[0,0],"21":[0],"22":[0,0],"23":[0,0],"24":[0,0],"25":[0,0],"26":[0,0],"27":[0,0],"28":[0,0],"29":[0],"30":[0,0]},"_coverageSchema":"1a1c01bbd47fc00a2c39e90264f33305004495a9","hash":"22c0d9379814578c5a36537490d91785d2a62dd0"}
}
