TN:
SF:src/app.js
FN:44,(anonymous_0)
FN:60,(anonymous_1)
FN:76,(anonymous_2)
FNF:3
FNH:0
FNDA:0,(anonymous_0)
FNDA:0,(anonymous_1)
FNDA:0,(anonymous_2)
DA:1,1
DA:2,1
DA:3,1
DA:4,1
DA:5,1
DA:8,1
DA:9,1
DA:10,1
DA:11,1
DA:14,1
DA:15,1
DA:17,1
DA:20,1
DA:21,1
DA:24,1
DA:30,1
DA:33,1
DA:34,0
DA:36,1
DA:40,1
DA:41,1
DA:44,1
DA:45,0
DA:54,1
DA:55,1
DA:56,1
DA:57,1
DA:60,1
DA:61,0
DA:76,1
DA:77,0
DA:85,1
DA:87,1
LF:33
LH:29
BRDA:25,0,0,1
BRDA:25,0,1,0
BRDA:33,1,0,0
BRDA:33,1,1,1
BRF:4
BRH:2
end_of_record
TN:
SF:src/config/mongodb.js
FN:3,(anonymous_0)
FN:22,(anonymous_1)
FN:26,(anonymous_2)
FN:30,(anonymous_3)
FNF:4
FNH:0
FNDA:0,(anonymous_0)
FNDA:0,(anonymous_1)
FNDA:0,(anonymous_2)
FNDA:0,(anonymous_3)
DA:1,0
DA:3,0
DA:4,0
DA:5,0
DA:15,0
DA:17,0
DA:19,0
DA:22,0
DA:23,0
DA:26,0
DA:27,0
DA:30,0
DA:31,0
DA:35,0
DA:36,0
DA:40,0
LF:16
LH:0
BRDA:15,0,0,0
BRDA:15,0,1,0
BRF:2
BRH:0
end_of_record
TN:
SF:src/config/postgresql.js
FN:3,(anonymous_0)
FNF:1
FNH:0
FNDA:0,(anonymous_0)
DA:1,0
DA:3,0
DA:4,0
DA:5,0
DA:7,0
DA:26,0
DA:27,0
DA:29,0
DA:31,0
DA:32,0
DA:36,0
LF:11
LH:0
BRDA:15,0,0,0
BRDA:15,0,1,0
BRF:2
BRH:0
end_of_record
TN:
SF:src/middleware/errorHandler.js
FN:1,(anonymous_0)
FNF:1
FNH:0
FNDA:0,(anonymous_0)
DA:1,1
DA:2,0
DA:3,0
LF:3
LH:1
BRF:0
BRH:0
end_of_record
TN:
SF:src/middleware/rateLimiter.js
FN:1,(anonymous_0)
FNF:1
FNH:0
FNDA:0,(anonymous_0)
DA:1,1
DA:2,0
LF:2
LH:1
BRF:0
BRH:0
end_of_record
TN:
SF:src/models/Book.js
FN:139,(anonymous_0)
FN:197,(anonymous_1)
FN:202,(anonymous_2)
FN:210,(anonymous_3)
FN:213,(anonymous_4)
FN:216,(anonymous_5)
FN:224,(anonymous_6)
FN:229,(anonymous_7)
FN:241,(anonymous_8)
FN:249,(anonymous_9)
FN:267,(anonymous_10)
FN:285,(anonymous_11)
FN:319,(anonymous_12)
FN:326,(anonymous_13)
FN:331,(anonymous_14)
FN:338,(anonymous_15)
FN:345,(anonymous_16)
FN:349,(anonymous_17)
FN:366,(anonymous_18)
FNF:19
FNH:0
FNDA:0,(anonymous_0)
FNDA:0,(anonymous_1)
FNDA:0,(anonymous_2)
FNDA:0,(anonymous_3)
FNDA:0,(anonymous_4)
FNDA:0,(anonymous_5)
FNDA:0,(anonymous_6)
FNDA:0,(anonymous_7)
FNDA:0,(anonymous_8)
FNDA:0,(anonymous_9)
FNDA:0,(anonymous_10)
FNDA:0,(anonymous_11)
FNDA:0,(anonymous_12)
FNDA:0,(anonymous_13)
FNDA:0,(anonymous_14)
FNDA:0,(anonymous_15)
FNDA:0,(anonymous_16)
FNDA:0,(anonymous_17)
FNDA:0,(anonymous_18)
DA:1,1
DA:4,1
DA:17,1
DA:47,1
DA:78,1
DA:140,0
DA:190,1
DA:191,1
DA:192,1
DA:193,1
DA:197,1
DA:198,0
DA:202,1
DA:203,0
DA:210,1
DA:211,0
DA:213,0
DA:214,0
DA:216,0
DA:217,0
DA:219,0
DA:224,1
DA:225,0
DA:229,1
DA:230,0
DA:241,1
DA:242,0
DA:243,0
DA:244,0
DA:249,1
DA:250,0
DA:253,0
DA:258,0
DA:259,0
DA:260,0
DA:261,0
DA:263,0
DA:265,0
DA:268,0
DA:271,0
DA:272,0
DA:273,0
DA:283,0
DA:286,0
DA:289,0
DA:303,1
DA:319,1
DA:320,0
DA:326,1
DA:327,0
DA:331,1
DA:332,0
DA:338,1
DA:339,0
DA:345,1
DA:347,0
DA:348,0
DA:349,0
DA:353,0
DA:354,0
DA:358,0
DA:359,0
DA:362,0
DA:366,1
DA:367,0
DA:371,1
DA:372,1
DA:374,1
DA:376,1
LF:69
LH:27
BRDA:140,0,0,0
BRDA:140,0,1,0
BRDA:198,1,0,0
BRDA:198,1,1,0
BRDA:198,2,0,0
BRDA:198,2,1,0
BRDA:203,3,0,0
BRDA:203,3,1,0
BRDA:203,3,2,0
BRDA:203,3,3,0
BRDA:211,4,0,0
BRDA:211,4,1,0
BRDA:211,5,0,0
BRDA:211,5,1,0
BRDA:214,6,0,0
BRDA:214,6,1,0
BRDA:217,7,0,0
BRDA:217,7,1,0
BRDA:249,8,0,0
BRDA:258,9,0,0
BRDA:258,9,1,0
BRDA:259,10,0,0
BRDA:259,10,1,0
BRDA:260,11,0,0
BRDA:260,11,1,0
BRDA:261,12,0,0
BRDA:261,12,1,0
BRDA:271,13,0,0
BRDA:271,13,1,0
BRDA:331,14,0,0
BRDA:338,15,0,0
BRDA:347,16,0,0
BRDA:347,16,1,0
BRDA:348,17,0,0
BRDA:348,17,1,0
BRDA:353,18,0,0
BRDA:353,18,1,0
BRDA:353,19,0,0
BRDA:353,19,1,0
BRDA:358,20,0,0
BRDA:358,20,1,0
BRDA:358,21,0,0
BRDA:358,21,1,0
BRDA:358,21,2,0
BRF:44
BRH:0
end_of_record
TN:
SF:src/models/Loan.js
FN:96,(anonymous_0)
FN:108,(anonymous_1)
FN:112,(anonymous_2)
FN:116,(anonymous_3)
FN:131,(anonymous_4)
FN:138,(anonymous_5)
FN:150,(anonymous_6)
FNF:7
FNH:0
FNDA:0,(anonymous_0)
FNDA:0,(anonymous_1)
FNDA:0,(anonymous_2)
FNDA:0,(anonymous_3)
FNDA:0,(anonymous_4)
FNDA:0,(anonymous_5)
FNDA:0,(anonymous_6)
DA:2,0
DA:3,0
DA:5,0
DA:98,0
DA:99,0
DA:100,0
DA:101,0
DA:108,0
DA:109,0
DA:112,0
DA:113,0
DA:116,0
DA:117,0
DA:118,0
DA:121,0
DA:122,0
DA:124,0
DA:125,0
DA:126,0
DA:128,0
DA:131,0
DA:132,0
DA:133,0
DA:134,0
DA:138,0
DA:139,0
DA:150,0
DA:151,0
DA:167,0
LF:29
LH:0
BRDA:98,0,0,0
BRDA:98,0,1,0
BRDA:109,1,0,0
BRDA:109,1,1,0
BRDA:113,2,0,0
BRDA:113,2,1,0
BRDA:116,3,0,0
BRDA:117,4,0,0
BRDA:117,4,1,0
BRF:9
BRH:0
end_of_record
TN:
SF:src/models/User.js
FN:4,(anonymous_0)
FN:64,(anonymous_1)
FN:73,(anonymous_2)
FN:77,(anonymous_3)
FN:84,(anonymous_4)
FNF:5
FNH:0
FNDA:0,(anonymous_0)
FNDA:0,(anonymous_1)
FNDA:0,(anonymous_2)
FNDA:0,(anonymous_3)
FNDA:0,(anonymous_4)
DA:1,1
DA:2,1
DA:4,1
DA:5,0
DA:65,0
DA:66,0
DA:73,0
DA:74,0
DA:77,0
DA:78,0
DA:79,0
DA:80,0
DA:84,0
DA:85,0
DA:86,0
DA:97,0
DA:100,1
LF:17
LH:4
BRDA:65,0,0,0
BRDA:65,0,1,0
BRF:2
BRH:0
end_of_record
TN:
SF:src/routes/auth.js
FN:6,(anonymous_0)
FN:75,(anonymous_1)
FN:137,(anonymous_2)
FN:149,(anonymous_3)
FNF:4
FNH:0
FNDA:0,(anonymous_0)
FNDA:0,(anonymous_1)
FNDA:0,(anonymous_2)
FNDA:0,(anonymous_3)
DA:1,1
DA:2,1
DA:3,1
DA:6,1
DA:7,0
DA:8,0
DA:11,0
DA:12,0
DA:19,0
DA:22,0
DA:24,0
DA:25,0
DA:32,0
DA:34,0
DA:35,0
DA:42,0
DA:53,0
DA:54,0
DA:56,0
DA:66,0
DA:67,0
DA:75,1
DA:76,0
DA:77,0
DA:80,0
DA:81,0
DA:87,0
DA:90,0
DA:93,0
DA:94,0
DA:101,0
DA:111,0
DA:121,0
DA:131,0
DA:133,0
DA:134,0
DA:137,0
DA:141,0
DA:149,1
DA:150,0
DA:151,0
DA:153,0
DA:154,0
DA:160,0
DA:161,0
DA:163,0
DA:165,0
DA:166,0
DA:172,0
DA:181,0
DA:182,0
DA:189,1
LF:52
LH:7
BRDA:11,0,0,0
BRDA:11,0,1,0
BRDA:11,1,0,0
BRDA:11,1,1,0
BRDA:24,2,0,0
BRDA:24,2,1,0
BRDA:34,3,0,0
BRDA:34,3,1,0
BRDA:49,4,0,0
BRDA:49,4,1,0
BRDA:77,5,0,0
BRDA:80,6,0,0
BRDA:80,6,1,0
BRDA:80,7,0,0
BRDA:80,7,1,0
BRDA:80,7,2,0
BRDA:80,7,3,0
BRDA:80,7,4,0
BRDA:90,8,0,0
BRDA:90,8,1,0
BRDA:93,9,0,0
BRDA:93,9,1,0
BRDA:107,10,0,0
BRDA:107,10,1,0
BRDA:118,11,0,0
BRDA:118,11,1,0
BRDA:133,12,0,0
BRDA:133,12,1,0
BRDA:153,13,0,0
BRDA:153,13,1,0
BRDA:165,14,0,0
BRDA:165,14,1,0
BRDA:165,15,0,0
BRDA:165,15,1,0
BRF:34
BRH:0
end_of_record
TN:
SF:src/routes/books.js
FN:9,(anonymous_0)
FN:72,(anonymous_1)
FN:94,(anonymous_2)
FN:116,(anonymous_3)
FN:137,(anonymous_4)
FN:144,(anonymous_5)
FN:161,(anonymous_6)
FN:196,(anonymous_7)
FN:306,(anonymous_8)
FN:318,(anonymous_9)
FN:338,(anonymous_10)
FN:378,(anonymous_11)
FN:416,(anonymous_12)
FN:479,(anonymous_13)
FNF:14
FNH:0
FNDA:0,(anonymous_0)
FNDA:0,(anonymous_1)
FNDA:0,(anonymous_2)
FNDA:0,(anonymous_3)
FNDA:0,(anonymous_4)
FNDA:0,(anonymous_5)
FNDA:0,(anonymous_6)
FNDA:0,(anonymous_7)
FNDA:0,(anonymous_8)
FNDA:0,(anonymous_9)
FNDA:0,(anonymous_10)
FNDA:0,(anonymous_11)
FNDA:0,(anonymous_12)
FNDA:0,(anonymous_13)
DA:1,1
DA:2,1
DA:3,1
DA:4,1
DA:9,1
DA:10,0
DA:20,0
DA:23,0
DA:26,0
DA:27,0
DA:28,0
DA:32,0
DA:33,0
DA:36,0
DA:37,0
DA:39,0
DA:47,0
DA:49,0
DA:62,0
DA:63,0
DA:72,1
DA:73,0
DA:74,0
DA:76,0
DA:78,0
DA:85,0
DA:86,0
DA:94,1
DA:95,0
DA:96,0
DA:98,0
DA:100,0
DA:107,0
DA:108,0
DA:116,1
DA:117,0
DA:118,0
DA:120,0
DA:121,0
DA:129,0
DA:132,0
DA:134,0
DA:137,0
DA:144,0
DA:152,0
DA:153,0
DA:161,1
DA:162,0
DA:163,0
DA:165,0
DA:166,0
DA:173,0
DA:175,0
DA:184,0
DA:185,0
DA:196,1
DA:197,0
DA:207,0
DA:210,0
DA:211,0
DA:217,0
DA:218,0
DA:225,0
DA:226,0
DA:227,0
DA:228,0
DA:237,0
DA:250,0
DA:252,0
DA:253,0
DA:255,0
DA:257,0
DA:258,0
DA:260,0
DA:261,0
DA:262,0
DA:263,0
DA:267,0
DA:268,0
DA:271,0
DA:279,0
DA:283,0
DA:287,0
DA:288,0
DA:290,0
DA:292,0
DA:300,0
DA:302,0
DA:303,0
DA:306,0
DA:310,0
DA:318,1
DA:319,0
DA:320,0
DA:322,0
DA:323,0
DA:330,0
DA:337,0
DA:338,0
DA:339,0
DA:340,0
DA:342,0
DA:343,0
DA:344,0
DA:346,0
DA:352,0
DA:354,0
DA:355,0
DA:358,0
DA:360,0
DA:362,0
DA:369,0
DA:370,0
DA:378,1
DA:379,0
DA:380,0
DA:382,0
DA:383,0
DA:390,0
DA:391,0
DA:397,0
DA:399,0
DA:401,0
DA:407,0
DA:408,0
DA:416,1
DA:417,0
DA:418,0
DA:420,0
DA:421,0
DA:428,0
DA:430,0
DA:431,0
DA:433,0
DA:434,0
DA:435,0
DA:436,0
DA:440,0
DA:442,0
DA:455,0
DA:457,0
DA:463,0
DA:470,0
DA:471,0
DA:479,1
DA:480,0
DA:481,0
DA:490,0
DA:504,0
DA:505,0
DA:512,1
LF:151
LH:15
BRDA:12,0,0,0
BRDA:13,1,0,0
BRDA:18,2,0,0
BRDA:19,3,0,0
BRDA:26,4,0,0
BRDA:26,4,1,0
BRDA:27,5,0,0
BRDA:27,5,1,0
BRDA:28,6,0,0
BRDA:28,6,1,0
BRDA:32,7,0,0
BRDA:32,7,1,0
BRDA:37,8,0,0
BRDA:37,8,1,0
BRDA:74,9,0,0
BRDA:96,10,0,0
BRDA:120,11,0,0
BRDA:120,11,1,0
BRDA:120,12,0,0
BRDA:120,12,1,0
BRDA:165,13,0,0
BRDA:165,13,1,0
BRDA:203,14,0,0
BRDA:206,15,0,0
BRDA:210,16,0,0
BRDA:210,16,1,0
BRDA:217,17,0,0
BRDA:217,17,1,0
BRDA:225,18,0,0
BRDA:225,18,1,0
BRDA:227,19,0,0
BRDA:227,19,1,0
BRDA:239,20,0,0
BRDA:239,20,1,0
BRDA:239,21,0,0
BRDA:239,21,1,0
BRDA:243,22,0,0
BRDA:243,22,1,0
BRDA:244,23,0,0
BRDA:244,23,1,0
BRDA:255,24,0,0
BRDA:255,24,1,0
BRDA:258,25,0,0
BRDA:258,25,1,0
BRDA:258,26,0,0
BRDA:258,26,1,0
BRDA:260,27,0,0
BRDA:260,27,1,0
BRDA:262,28,0,0
BRDA:262,28,1,0
BRDA:267,29,0,0
BRDA:267,29,1,0
BRDA:302,30,0,0
BRDA:302,30,1,0
BRDA:322,31,0,0
BRDA:322,31,1,0
BRDA:339,32,0,0
BRDA:339,32,1,0
BRDA:340,33,0,0
BRDA:340,33,1,0
BRDA:343,34,0,0
BRDA:343,34,1,0
BRDA:354,35,0,0
BRDA:354,35,1,0
BRDA:382,36,0,0
BRDA:382,36,1,0
BRDA:390,37,0,0
BRDA:390,37,1,0
BRDA:420,38,0,0
BRDA:420,38,1,0
BRDA:430,39,0,0
BRDA:430,39,1,0
BRDA:435,40,0,0
BRDA:435,40,1,0
BRDA:440,41,0,0
BRDA:440,41,1,0
BRDA:443,42,0,0
BRDA:443,42,1,0
BRDA:444,43,0,0
BRDA:444,43,1,0
BRDA:445,44,0,0
BRDA:445,44,1,0
BRDA:446,45,0,0
BRDA:446,45,1,0
BRDA:447,46,0,0
BRDA:447,46,1,0
BRDA:448,47,0,0
BRDA:448,47,1,0
BRDA:449,48,0,0
BRDA:449,48,1,0
BRDA:450,49,0,0
BRDA:450,49,1,0
BRDA:452,50,0,0
BRDA:452,50,1,0
BRDA:499,51,0,0
BRDA:499,51,1,0
BRF:96
BRH:0
end_of_record
TN:
SF:src/routes/loans.js
FN:4,(anonymous_0)
FNF:1
FNH:0
FNDA:0,(anonymous_0)
DA:1,1
DA:2,1
DA:4,1
DA:5,0
DA:8,1
LF:5
LH:4
BRF:0
BRH:0
end_of_record
TN:
SF:src/routes/users.js
FN:4,(anonymous_0)
FNF:1
FNH:0
FNDA:0,(anonymous_0)
DA:1,1
DA:2,1
DA:4,1
DA:5,0
DA:8,1
LF:5
LH:4
BRF:0
BRH:0
end_of_record
TN:
SF:src/services/googleBooksService.js
FN:4,(anonymous_0)
FN:10,(anonymous_1)
FN:36,(anonymous_2)
FN:47,(anonymous_3)
FN:68,(anonymous_4)
FN:93,(anonymous_5)
FN:100,(anonymous_6)
FN:169,(anonymous_7)
FN:191,(anonymous_8)
FN:209,(anonymous_9)
FN:215,(anonymous_10)
FN:228,(anonymous_11)
FN:234,(anonymous_12)
FNF:13
FNH:1
FNDA:1,(anonymous_0)
FNDA:0,(anonymous_1)
FNDA:0,(anonymous_2)
FNDA:0,(anonymous_3)
FNDA:0,(anonymous_4)
FNDA:0,(anonymous_5)
FNDA:0,(anonymous_6)
FNDA:0,(anonymous_7)
FNDA:0,(anonymous_8)
FNDA:0,(anonymous_9)
FNDA:0,(anonymous_10)
FNDA:0,(anonymous_11)
FNDA:0,(anonymous_12)
DA:1,1
DA:5,1
DA:6,1
DA:11,0
DA:12,0
DA:20,0
DA:21,0
DA:24,0
DA:26,0
DA:31,0
DA:32,0
DA:33,0
DA:36,0
DA:37,0
DA:39,0
DA:41,0
DA:42,0
DA:48,0
DA:49,0
DA:50,0
DA:52,0
DA:54,0
DA:55,0
DA:56,0
DA:59,0
DA:60,0
DA:62,0
DA:63,0
DA:69,0
DA:70,0
DA:72,0
DA:73,0
DA:74,0
DA:77,0
DA:82,0
DA:83,0
DA:85,0
DA:87,0
DA:88,0
DA:94,0
DA:95,0
DA:98,0
DA:99,0
DA:100,0
DA:101,0
DA:109,0
DA:110,0
DA:118,0
DA:119,0
DA:120,0
DA:121,0
DA:122,0
DA:125,0
DA:170,0
DA:171,0
DA:174,0
DA:175,0
DA:178,0
DA:179,0
DA:182,0
DA:183,0
DA:187,0
DA:188,0
DA:191,0
DA:192,0
DA:196,0
DA:197,0
DA:201,0
DA:203,0
DA:204,0
DA:210,0
DA:211,0
DA:213,0
DA:215,0
DA:222,0
DA:223,0
DA:229,0
DA:230,0
DA:235,0
DA:239,1
LF:80
LH:4
BRDA:10,0,0,0
BRDA:20,1,0,0
BRDA:20,1,1,0
BRDA:31,2,0,0
BRDA:31,2,1,0
BRDA:54,3,0,0
BRDA:54,3,1,0
BRDA:73,4,0,0
BRDA:73,4,1,0
BRDA:94,5,0,0
BRDA:94,5,1,0
BRDA:95,6,0,0
BRDA:95,6,1,0
BRDA:99,7,0,0
BRDA:99,7,1,0
BRDA:109,8,0,0
BRDA:109,8,1,0
BRDA:110,9,0,0
BRDA:110,9,1,0
BRDA:110,9,2,0
BRDA:110,9,3,0
BRDA:110,9,4,0
BRDA:110,9,5,0
BRDA:118,10,0,0
BRDA:118,10,1,0
BRDA:119,11,0,0
BRDA:119,11,1,0
BRDA:127,12,0,0
BRDA:127,12,1,0
BRDA:128,13,0,0
BRDA:128,13,1,0
BRDA:129,14,0,0
BRDA:129,14,1,0
BRDA:133,15,0,0
BRDA:133,15,1,0
BRDA:134,16,0,0
BRDA:134,16,1,0
BRDA:135,17,0,0
BRDA:135,17,1,0
BRDA:138,18,0,0
BRDA:138,18,1,0
BRDA:139,19,0,0
BRDA:139,19,1,0
BRDA:140,20,0,0
BRDA:140,20,1,0
BRDA:169,21,0,0
BRDA:174,22,0,0
BRDA:174,22,1,0
BRDA:174,23,0,0
BRDA:174,23,1,0
BRDA:178,24,0,0
BRDA:178,24,1,0
BRDA:178,25,0,0
BRDA:178,25,1,0
BRDA:182,26,0,0
BRDA:182,26,1,0
BRDA:192,27,0,0
BRDA:192,27,1,0
BRDA:196,28,0,0
BRDA:196,28,1,0
BRDA:209,29,0,0
BRDA:211,30,0,0
BRDA:211,30,1,0
BRF:63
BRH:0
end_of_record
